\BOOKMARK [1][-]{section.0.1}{\376\377\000K\000o\000n\000z\000e\000p\000t\000i\000o\000n\000s\000v\000e\000r\000g\000l\000e\000i\000c\000h\000\040\000z\000u\000\040\000B\000a\000h\000n\000u\000m\000r\000i\000c\000h\000t\000e\000r\000a\000n\000l\000a\000g\000e}{}% 1
\BOOKMARK [1][-]{section.0.2}{\376\377\000U\000p\000d\000a\000t\000e\000\040\000o\000f\000\040\000t\000h\000e\000\040\000P\000l\000a\000n\000\040\000f\000o\000r\000\040\000E\000x\000p\000l\000o\000i\000t\000a\000t\000i\000o\000n\000\040\000a\000n\000d\000\040\000D\000i\000s\000s\000e\000m\000i\000n\000a\000t\000i\000o\000n\000\040\000o\000f\000\040\000R\000e\000s\000u\000l\000t\000s}{}% 2
\BOOKMARK [1][-]{section.0.3}{\376\377\000U\000p\000d\000a\000t\000e\000\040\000o\000f\000\040\000t\000h\000e\000\040\000D\000a\000t\000a\000\040\000M\000a\000n\000a\000g\000e\000m\000e\000n\000t\000\040\000P\000l\000a\000n}{}% 3
\BOOKMARK [1][-]{section.0.4}{\376\377\000F\000o\000l\000l\000o\000w\000-\000u\000p\000\040\000o\000f\000\040\000R\000e\000c\000o\000m\000m\000e\000n\000d\000a\000t\000i\000o\000n\000s\000\040\000a\000n\000d\000\040\000C\000o\000m\000m\000e\000n\000t\000s\000\040\000f\000r\000o\000m\000\040\000P\000r\000e\000v\000i\000o\000u\000s\000\040\000R\000e\000v\000i\000e\000w\000\050\000s\000\051}{}% 4
\BOOKMARK [1][-]{section.0.5}{\376\377\000D\000e\000v\000i\000a\000t\000i\000o\000n\000s\000\040\000f\000r\000o\000m\000\040\000A\000n\000n\000e\000x\000\040\0001\000\040\000a\000n\000d\000\040\000A\000n\000n\000e\000x\000\040\0002}{}% 5
\BOOKMARK [2][-]{subsection.0.5.1}{\376\377\000T\000a\000s\000k\000s}{section.0.5}% 6
\BOOKMARK [2][-]{subsection.0.5.2}{\376\377\000U\000s\000e\000\040\000o\000f\000\040\000R\000e\000s\000o\000u\000r\000c\000e\000s}{section.0.5}% 7
\BOOKMARK [1][-]{section*.7}{\376\377\000R\000e\000f\000e\000r\000e\000n\000c\000e\000s}{}% 8
\BOOKMARK [1][-]{section*.8}{\376\377\000A\000p\000p\000e\000n\000d\000i\000x\000\040\000A\000.\000\040\000D\000o\000c\000u\000m\000e\000n\000t\000\040\000G\000u\000i\000d\000e\000l\000i\000n\000e\000s}{}% 9
\BOOKMARK [2][-]{section*.9}{\376\377\000A\000.\0001\000.\000\040\000R\000e\000p\000o\000r\000t\000\040\000T\000i\000t\000l\000e\000s}{section*.8}% 10
\BOOKMARK [2][-]{section*.10}{\376\377\000A\000.\0002\000.\000\040\000F\000i\000l\000e\000\040\000N\000a\000m\000i\000n\000g}{section*.8}% 11
\BOOKMARK [2][-]{section*.11}{\376\377\000A\000.\0003\000.\000\040\000C\000h\000a\000n\000g\000e\000\040\000L\000o\000g}{section*.8}% 12
\BOOKMARK [2][-]{section*.12}{\376\377\000A\000.\0004\000.\000\040\000D\000o\000c\000u\000m\000e\000n\000t\000\040\000F\000o\000r\000m\000a\000t\000t\000i\000n\000g}{section*.8}% 13
\BOOKMARK [2][-]{section*.21}{\376\377\000A\000.\0005\000.\000\040\000L\000a\000n\000g\000u\000a\000g\000e\000\040\000a\000n\000d\000\040\000N\000o\000t\000a\000t\000i\000o\000n}{section*.8}% 14
\BOOKMARK [2][-]{section*.22}{\376\377\000A\000.\0006\000.\000\040\000L\000a\000T\000e\000X\000\040\000S\000t\000y\000l\000e\000\040\000F\000i\000l\000e\000s}{section*.8}% 15
\BOOKMARK [2][-]{section*.23}{\376\377\000A\000.\0007\000.\000\040\000F\000o\000r\000m\000a\000t\000t\000i\000n\000g\000\040\000B\000i\000b\000l\000i\000o\000g\000r\000a\000p\000h\000i\000c\000a\000l\000\040\000R\000e\000f\000e\000r\000e\000n\000c\000e\000s}{section*.8}% 16
\BOOKMARK [2][-]{section*.24}{\376\377\000A\000.\0008\000.\000\040\000A\000s\000s\000o\000c\000i\000a\000t\000e\000d\000\040\000O\000u\000t\000p\000u\000t\000s}{section*.8}% 17
\BOOKMARK [1][-]{section*.25}{\376\377\000A\000p\000p\000e\000n\000d\000i\000x\000\040\000B\000.\000\040\000H\000e\000a\000d\000i\000n\000g}{}% 18
\BOOKMARK [2][-]{section*.26}{\376\377\000B\000.\0001\000.\000\040\000H\000e\000a\000d\000i\000n\000g}{section*.25}% 19
\BOOKMARK [2][-]{section*.27}{\376\377\000B\000.\0002\000.\000\040\000H\000e\000a\000d\000i\000n\000g}{section*.25}% 20
\BOOKMARK [1][-]{section*.28}{\376\377\000A\000p\000p\000e\000n\000d\000i\000x\000\040\000C\000.\000\040\000H\000e\000a\000d\000i\000n\000g}{}% 21
\BOOKMARK [2][-]{section*.29}{\376\377\000C\000.\0001\000.\000\040\000H\000e\000a\000d\000i\000n\000g}{section*.28}% 22
\BOOKMARK [2][-]{section*.30}{\376\377\000C\000.\0002\000.\000\040\000H\000e\000a\000d\000i\000n\000g}{section*.28}% 23
