This is pdfTeX, Version 3.141592653-2.6-1.40.24 (TeX Live 2022/Arch Linux) (preloaded format=pdflatex 2022.6.18)  19 JUN 2022 18:58
entering extended mode
 restricted \write18 enabled.
 file:line:error style messages enabled.
 %&-line parsing enabled.
**"/home/milou/OneDrive/Master/Semester_02_SoSe_2022/M10 FACTS (SL) - 1. Zug- SoSe2022/Belegaufgabe/Projektordner/Bahnumrichter/HYPERRIDE Periodic Technical Report Template/report.tex"
(/home/milou/OneDrive/Master/Semester_02_SoSe_2022/M10 FACTS (SL) - 1. Zug- SoSe2022/Belegaufgabe/Projektordner/Bahnumrichter/HYPERRIDE Periodic Technical Report Template/report.tex
LaTeX2e <2021-11-15> patch level 1
L3 programming layer <2022-04-10> (/usr/share/texmf-dist/tex/latex/base/report.cls
Document Class: report 2021/10/04 v1.4n Standard LaTeX document class
(/usr/share/texmf-dist/tex/latex/base/size11.clo
File: size11.clo 2021/10/04 v1.4n Standard LaTeX file (size option)
)
\c@part=\count185
\c@chapter=\count186
\c@section=\count187
\c@subsection=\count188
\c@subsubsection=\count189
\c@paragraph=\count190
\c@subparagraph=\count191
\c@figure=\count192
\c@table=\count193
\abovecaptionskip=\skip47
\belowcaptionskip=\skip48
\bibindent=\dimen138
) (./hyperride.sty
Package: hyperride 2020/10/27 hyperride style sheet v1.0
 (./istprog.sty (/usr/share/texmf-dist/tex/latex/fancyhdr/fancyhdr.sty
Package: fancyhdr 2021/01/28 v4.0.1 Extensive control of page headers and footers
\f@nch@headwidth=\skip49
\f@nch@O@elh=\skip50
\f@nch@O@erh=\skip51
\f@nch@O@olh=\skip52
\f@nch@O@orh=\skip53
\f@nch@O@elf=\skip54
\f@nch@O@erf=\skip55
\f@nch@O@olf=\skip56
\f@nch@O@orf=\skip57
) (/usr/share/texmf-dist/tex/latex/stringstrings/stringstrings.sty
Package: stringstrings 2020/12/08 v1.24 Extensive array of string manipulation routines for cosmetic and programming application
 (/usr/share/texmf-dist/tex/latex/base/ifthen.sty
Package: ifthen 2020/11/24 v1.1c Standard LaTeX ifthen package (DPC)
)
\c@@letterindex=\count194
\c@@@letterindex=\count195
\c@@@@letterindex=\count196
\c@@wordindex=\count197
\c@@iargc=\count198
\c@@gobblesize=\count199
\c@@maxrotation=\count266
\c@@stringsize=\count267
\c@@@stringsize=\count268
\c@@@@stringsize=\count269
\c@@revisedstringsize=\count270
\c@@gobbleindex=\count271
\c@@charsfound=\count272
\c@@alph=\count273
\c@@alphaindex=\count274
\c@@capstrigger=\count275
\c@@fromindex=\count276
\c@@toindex=\count277
\c@@previousindex=\count278
\c@@flag=\count279
\c@@matchloc=\count280
\c@@matchend=\count281
\c@@matchsize=\count282
\c@@matchmax=\count283
\c@@skipped=\count284
\c@@lcwords=\count285
\c@@@matchloc=\count286
) (/usr/share/texmf-dist/tex/latex/amsfonts/amssymb.sty
Package: amssymb 2013/01/14 v3.01 AMS font symbols
 (/usr/share/texmf-dist/tex/latex/amsfonts/amsfonts.sty
Package: amsfonts 2013/01/14 v3.01 Basic AMSFonts support
\@emptytoks=\toks16
\symAMSa=\mathgroup4
\symAMSb=\mathgroup5
LaTeX Font Info:    Redeclaring math symbol \hbar on input line 98.
LaTeX Font Info:    Overwriting math alphabet `\mathfrak' in version `bold'
(Font)                  U/euf/m/n --> U/euf/b/n on input line 106.
))
\c@@changecount=\count287
\c@@row=\count288
) (/usr/share/texmf-dist/tex/latex/a4wide/a4wide.sty
Package: a4wide 1994/08/30
 (/usr/share/texmf-dist/tex/latex/ntgclass/a4.sty
Package: a4 2020/02/18 v1.2g A4 based page layout
)) (/usr/share/texmf-dist/tex/latex/etoolbox/etoolbox.sty
Package: etoolbox 2020/10/05 v2.5k e-TeX tools for LaTeX (JAW)
\etb@tempcnta=\count289
) (/usr/share/texmf-dist/tex/latex/tocloft/tocloft.sty
Package: tocloft 2017/08/31 v2.3i parameterised ToC, etc., typesetting
Package tocloft Info: The document has chapter divisions on input line 51.
\cftparskip=\skip58
\cftbeforetoctitleskip=\skip59
\cftaftertoctitleskip=\skip60
\cftbeforepartskip=\skip61
\cftpartnumwidth=\skip62
\cftpartindent=\skip63
\cftbeforechapskip=\skip64
\cftchapindent=\skip65
\cftchapnumwidth=\skip66
\cftbeforesecskip=\skip67
\cftsecindent=\skip68
\cftsecnumwidth=\skip69
\cftbeforesubsecskip=\skip70
\cftsubsecindent=\skip71
\cftsubsecnumwidth=\skip72
\cftbeforesubsubsecskip=\skip73
\cftsubsubsecindent=\skip74
\cftsubsubsecnumwidth=\skip75
\cftbeforeparaskip=\skip76
\cftparaindent=\skip77
\cftparanumwidth=\skip78
\cftbeforesubparaskip=\skip79
\cftsubparaindent=\skip80
\cftsubparanumwidth=\skip81
\cftbeforeloftitleskip=\skip82
\cftafterloftitleskip=\skip83
\cftbeforefigskip=\skip84
\cftfigindent=\skip85
\cftfignumwidth=\skip86
\c@lofdepth=\count290
\c@lotdepth=\count291
\cftbeforelottitleskip=\skip87
\cftafterlottitleskip=\skip88
\cftbeforetabskip=\skip89
\cfttabindent=\skip90
\cfttabnumwidth=\skip91
) (/usr/share/texmf-dist/tex/generic/nth/nth.sty
Package: nth 2002/02/27
) (/usr/share/texmf-dist/tex/latex/hyperref/hyperref.sty
Package: hyperref 2022-02-21 v7.00n Hypertext links for LaTeX
 (/usr/share/texmf-dist/tex/generic/ltxcmds/ltxcmds.sty
Package: ltxcmds 2020-05-10 v1.25 LaTeX kernel commands for general use (HO)
) (/usr/share/texmf-dist/tex/generic/iftex/iftex.sty
Package: iftex 2022/02/03 v1.0f TeX engine tests
) (/usr/share/texmf-dist/tex/generic/pdftexcmds/pdftexcmds.sty
Package: pdftexcmds 2020-06-27 v0.33 Utility functions of pdfTeX for LuaTeX (HO)
 (/usr/share/texmf-dist/tex/generic/infwarerr/infwarerr.sty
Package: infwarerr 2019/12/03 v1.5 Providing info/warning/error messages (HO)
)
Package pdftexcmds Info: \pdf@primitive is available.
Package pdftexcmds Info: \pdf@ifprimitive is available.
Package pdftexcmds Info: \pdfdraftmode found.
) (/usr/share/texmf-dist/tex/latex/graphics/keyval.sty
Package: keyval 2014/10/28 v1.15 key=value parser (DPC)
\KV@toks@=\toks17
) (/usr/share/texmf-dist/tex/generic/kvsetkeys/kvsetkeys.sty
Package: kvsetkeys 2019/12/15 v1.18 Key value parser (HO)
) (/usr/share/texmf-dist/tex/generic/kvdefinekeys/kvdefinekeys.sty
Package: kvdefinekeys 2019-12-19 v1.6 Define keys (HO)
) (/usr/share/texmf-dist/tex/generic/pdfescape/pdfescape.sty
Package: pdfescape 2019/12/09 v1.15 Implements pdfTeX's escape features (HO)
) (/usr/share/texmf-dist/tex/latex/hycolor/hycolor.sty
Package: hycolor 2020-01-27 v1.10 Color options for hyperref/bookmark (HO)
) (/usr/share/texmf-dist/tex/latex/letltxmacro/letltxmacro.sty
Package: letltxmacro 2019/12/03 v1.6 Let assignment for LaTeX macros (HO)
) (/usr/share/texmf-dist/tex/latex/auxhook/auxhook.sty
Package: auxhook 2019-12-17 v1.6 Hooks for auxiliary files (HO)
) (/usr/share/texmf-dist/tex/latex/kvoptions/kvoptions.sty
Package: kvoptions 2020-10-07 v3.14 Key value format for package options (HO)
)
\@linkdim=\dimen139
\Hy@linkcounter=\count292
\Hy@pagecounter=\count293
 (/usr/share/texmf-dist/tex/latex/hyperref/pd1enc.def
File: pd1enc.def 2022-02-21 v7.00n Hyperref: PDFDocEncoding definition (HO)
Now handling font encoding PD1 ...
... no UTF-8 mapping file for font encoding PD1
) (/usr/share/texmf-dist/tex/generic/intcalc/intcalc.sty
Package: intcalc 2019/12/15 v1.3 Expandable calculations with integers (HO)
) (/usr/share/texmf-dist/tex/generic/etexcmds/etexcmds.sty
Package: etexcmds 2019/12/15 v1.7 Avoid name clashes with e-TeX commands (HO)
)
\Hy@SavedSpaceFactor=\count294
 (/usr/share/texmf-dist/tex/latex/hyperref/puenc.def
File: puenc.def 2022-02-21 v7.00n Hyperref: PDF Unicode definition (HO)
Now handling font encoding PU ...
... no UTF-8 mapping file for font encoding PU
)
Package hyperref Info: Option `linktocpage' set `true' on input line 4018.
Package hyperref Info: Hyper figures OFF on input line 4137.
Package hyperref Info: Link nesting OFF on input line 4142.
Package hyperref Info: Hyper index ON on input line 4145.
Package hyperref Info: Plain pages OFF on input line 4152.
Package hyperref Info: Backreferencing OFF on input line 4157.
Package hyperref Info: Implicit mode ON; LaTeX internals redefined.
Package hyperref Info: Bookmarks ON on input line 4390.
\c@Hy@tempcnt=\count295
 (/usr/share/texmf-dist/tex/latex/url/url.sty
\Urlmuskip=\muskip16
Package: url 2013/09/16  ver 3.4  Verb mode for urls, etc.
)
LaTeX Info: Redefining \url on input line 4749.
\XeTeXLinkMargin=\dimen140
 (/usr/share/texmf-dist/tex/generic/bitset/bitset.sty
Package: bitset 2019/12/09 v1.3 Handle bit-vector datatype (HO)
 (/usr/share/texmf-dist/tex/generic/bigintcalc/bigintcalc.sty
Package: bigintcalc 2019/12/15 v1.5 Expandable calculations on big integers (HO)
))
\Fld@menulength=\count296
\Field@Width=\dimen141
\Fld@charsize=\dimen142
Package hyperref Info: Hyper figures OFF on input line 6027.
Package hyperref Info: Link nesting OFF on input line 6032.
Package hyperref Info: Hyper index ON on input line 6035.
Package hyperref Info: backreferencing OFF on input line 6042.
Package hyperref Info: Link coloring OFF on input line 6047.
Package hyperref Info: Link coloring with OCG OFF on input line 6052.
Package hyperref Info: PDF/A mode OFF on input line 6057.
LaTeX Info: Redefining \ref on input line 6097.
LaTeX Info: Redefining \pageref on input line 6101.
 (/usr/share/texmf-dist/tex/latex/base/atbegshi-ltx.sty
Package: atbegshi-ltx 2021/01/10 v1.0c Emulation of the original atbegshi
package with kernel methods
)
\Hy@abspage=\count297
\c@Item=\count298
\c@Hfootnote=\count299
)
Package hyperref Info: Driver (autodetected): hpdftex.
 (/usr/share/texmf-dist/tex/latex/hyperref/hpdftex.def
File: hpdftex.def 2022-02-21 v7.00n Hyperref driver for pdfTeX
 (/usr/share/texmf-dist/tex/latex/base/atveryend-ltx.sty
Package: atveryend-ltx 2020/08/19 v1.0a Emulation of the original atveryend package
with kernel methods
)
\Fld@listcount=\count300
\c@bookmark@seq@number=\count301
 (/usr/share/texmf-dist/tex/latex/rerunfilecheck/rerunfilecheck.sty
Package: rerunfilecheck 2019/12/05 v1.9 Rerun checks for auxiliary files (HO)
 (/usr/share/texmf-dist/tex/generic/uniquecounter/uniquecounter.sty
Package: uniquecounter 2019/12/15 v1.4 Provide unlimited unique counter (HO)
)
Package uniquecounter Info: New unique counter `rerunfilecheck' on input line 286.
)
\Hy@SectionHShift=\skip92
)
Package hyperref Info: Option `colorlinks' set `true' on input line 41.
 (/usr/share/texmf-dist/tex/latex/doclicense/doclicense.sty
Package: doclicense 2021/07/11 v3.0.0 Support for putting documents under a license
 (/usr/share/texmf-dist/tex/latex/xifthen/xifthen.sty
Package: xifthen 2015/11/05 v1.4.0 Extended ifthen features
 (/usr/share/texmf-dist/tex/latex/tools/calc.sty
Package: calc 2017/05/25 v4.3 Infix arithmetic (KKT,FJ)
\calc@Acount=\count302
\calc@Bcount=\count303
\calc@Adimen=\dimen143
\calc@Bdimen=\dimen144
\calc@Askip=\skip93
\calc@Bskip=\skip94
LaTeX Info: Redefining \setlength on input line 80.
LaTeX Info: Redefining \addtolength on input line 81.
\calc@Ccount=\count304
\calc@Cskip=\skip95
) (/usr/share/texmf-dist/tex/latex/ifmtarg/ifmtarg.sty
Package: ifmtarg 2018/04/16 v1.2b check for an empty argument
)) (/usr/share/texmf-dist/tex/generic/xstring/xstring.sty (/usr/share/texmf-dist/tex/generic/xstring/xstring.tex
\integerpart=\count305
\decimalpart=\count306
)
Package: xstring 2021/07/21 v1.84 String manipulations (CT)
) (/usr/share/texmf-dist/tex/latex/tools/xspace.sty
Package: xspace 2014/10/28 v1.13 Space after command names (DPC,MH)
) (/usr/share/texmf-dist/tex/latex/tools/verbatim.sty
Package: verbatim 2020-07-07 v1.5u LaTeX2e package for verbatim enhancements
\every@verbatim=\toks18
\verbatim@line=\toks19
\verbatim@in@stream=\read2
) (/usr/share/texmf-dist/tex/latex/hyperxmp/hyperxmp.sty
Package: hyperxmp 2020/11/22 v5.9 Store hyperref metadata in XMP format
\hyxmp@aep@toks=\toks20
 (/usr/share/texmf-dist/tex/generic/stringenc/stringenc.sty
Package: stringenc 2019/11/29 v1.12 Convert strings between diff. encodings (HO)
) (/usr/share/texmf-dist/tex/latex/oberdiek/ifdraft.sty
Package: ifdraft 2016/05/16 v1.4 Detect class options draft and final (HO)
) (/usr/share/texmf-dist/tex/latex/totpages/totpages.sty
Package: totpages 2005/09/19 v2.00 Totpages Package (muewi)
 (/usr/share/texmf-dist/tex/latex/everyshi/everyshi.sty
Package: everyshi 2020/11/18 v4.00 EveryShipout Package
)) (/usr/share/texmf-dist/tex/generic/iftex/ifluatex.sty
Package: ifluatex 2019/10/25 v1.5 ifluatex legacy package. Use iftex instead.
))
\doclicense@hsize=\skip96
 (/usr/share/texmf-dist/tex/latex/doclicense/doclicense-english.ldf
File: doclicense-english.ldf 
))
Document Style `hyperride' <18 May, 2020>.
(/usr/share/texmf-dist/tex/latex/graphics/graphicx.sty
Package: graphicx 2021/09/16 v1.2d Enhanced LaTeX Graphics (DPC,SPQR)
 (/usr/share/texmf-dist/tex/latex/graphics/graphics.sty
Package: graphics 2021/03/04 v1.4d Standard LaTeX Graphics (DPC,SPQR)
 (/usr/share/texmf-dist/tex/latex/graphics/trig.sty
Package: trig 2021/08/11 v1.11 sin cos tan (DPC)
) (/usr/share/texmf-dist/tex/latex/graphics-cfg/graphics.cfg
File: graphics.cfg 2016/06/04 v1.11 sample graphics configuration
)
Package graphics Info: Driver file: pdftex.def on input line 107.
 (/usr/share/texmf-dist/tex/latex/graphics-def/pdftex.def
File: pdftex.def 2020/10/05 v1.2a Graphics/color driver for pdftex
))
\Gin@req@height=\dimen145
\Gin@req@width=\dimen146
) (/usr/share/texmf-dist/tex/latex/xcolor/xcolor.sty
Package: xcolor 2021/10/31 v2.13 LaTeX color extensions (UK)
 (/usr/share/texmf-dist/tex/latex/graphics-cfg/color.cfg
File: color.cfg 2016/01/02 v1.6 sample color configuration
)
Package xcolor Info: Package option `usenames' ignored on input line 218.
Package xcolor Info: Driver file: pdftex.def on input line 227.
Package xcolor Info: Model `cmy' substituted by `cmy0' on input line 1352.
Package xcolor Info: Model `hsb' substituted by `rgb' on input line 1356.
Package xcolor Info: Model `RGB' extended on input line 1368.
Package xcolor Info: Model `HTML' substituted by `rgb' on input line 1370.
Package xcolor Info: Model `Hsb' substituted by `hsb' on input line 1371.
Package xcolor Info: Model `tHsb' substituted by `hsb' on input line 1372.
Package xcolor Info: Model `HSB' substituted by `hsb' on input line 1373.
Package xcolor Info: Model `Gray' substituted by `gray' on input line 1374.
Package xcolor Info: Model `wave' substituted by `hsb' on input line 1375.
 (/usr/share/texmf-dist/tex/latex/graphics/dvipsnam.def
File: dvipsnam.def 2016/06/17 v3.0m Driver-dependent file (DPC,SPQR)
) (/usr/share/texmf-dist/tex/latex/xcolor/svgnam.def
File: svgnam.def 2021/10/31 v2.13 Predefined colors according to SVG 1.1 (UK)
)) (/usr/share/texmf-dist/tex/latex/colortbl/colortbl.sty
Package: colortbl 2020/01/04 v1.0e Color table columns (DPC)
 (/usr/share/texmf-dist/tex/latex/tools/array.sty
Package: array 2021/10/04 v2.5f Tabular extension package (FMi)
\col@sep=\dimen147
\ar@mcellbox=\box50
\extrarowheight=\dimen148
\NC@list=\toks21
\extratabsurround=\skip97
\backup@length=\skip98
\ar@cellbox=\box51
)
\everycr=\toks22
\minrowclearance=\skip99
) (/usr/share/texmf-dist/tex/latex/geometry/geometry.sty
Package: geometry 2020/01/02 v5.9 Page Geometry
 (/usr/share/texmf-dist/tex/generic/iftex/ifvtex.sty
Package: ifvtex 2019/10/25 v1.7 ifvtex legacy package. Use iftex instead.
)
\Gm@cnth=\count307
\Gm@cntv=\count308
\c@Gm@tempcnt=\count309
\Gm@bindingoffset=\dimen149
\Gm@wd@mp=\dimen150
\Gm@odd@mp=\dimen151
\Gm@even@mp=\dimen152
\Gm@layoutwidth=\dimen153
\Gm@layoutheight=\dimen154
\Gm@layouthoffset=\dimen155
\Gm@layoutvoffset=\dimen156
\Gm@dimlist=\toks23
) (/usr/share/texmf-dist/tex/latex/wallpaper/wallpaper.sty
Package: wallpaper 2005/01/18, v1.01 easy wallpaper formatting (MHFW)
 (/usr/share/texmf-dist/tex/latex/eso-pic/eso-pic.sty
Package: eso-pic 2020/10/14 v3.0a eso-pic (RN)
\ESO@tempdima=\dimen157
\ESO@tempdimb=\dimen158
)
\wpXoffset=\skip100
\wpYoffset=\skip101
\tileXoffset=\skip102
\tileYoffset=\skip103
\tilewidth=\skip104
\tileheight=\skip105
\tileX=\skip106
\tileY=\skip107
) (/usr/share/texmf-dist/tex/latex/caption/caption.sty
Package: caption 2022/03/01 v3.6b Customizing captions (AR)
 (/usr/share/texmf-dist/tex/latex/caption/caption3.sty
Package: caption3 2022/03/17 v2.3b caption3 kernel (AR)
\caption@tempdima=\dimen159
\captionmargin=\dimen160
\caption@leftmargin=\dimen161
\caption@rightmargin=\dimen162
\caption@width=\dimen163
\caption@indent=\dimen164
\caption@parindent=\dimen165
\caption@hangindent=\dimen166
Package caption Info: Standard document class detected.
)
\c@caption@flags=\count310
\c@continuedfloat=\count311
Package caption Info: hyperref package is loaded.
) (/usr/share/texmf-dist/tex/latex/sfmath/sfmath.sty
Package: sfmath 2007/08/27 v0.8 sans serif maths
LaTeX Font Info:    Overwriting symbol font `operators' in version `normal'
(Font)                  OT1/cmr/m/n --> OT1/cmss/m/n on input line 329.
LaTeX Font Info:    Overwriting symbol font `operators' in version `bold'
(Font)                  OT1/cmr/bx/n --> OT1/cmss/bx/n on input line 330.
\symSFMath=\mathgroup6
LaTeX Font Info:    Overwriting symbol font `SFMath' in version `normal'
(Font)                  OT1/cmss/m/sl --> OT1/cmss/m/sl on input line 343.
LaTeX Font Info:    Overwriting symbol font `SFMath' in version `bold'
(Font)                  OT1/cmss/m/sl --> OT1/cmss/bx/n on input line 344.
LaTeX Font Info:    Redeclaring math symbol \imath on input line 398.
LaTeX Font Info:    Redeclaring math symbol \jmath on input line 399.
\symSFMathUp=\mathgroup7
LaTeX Font Info:    Overwriting symbol font `SFMathUp' in version `normal'
(Font)                  OT1/cmss/m/n --> OT1/cmss/m/n on input line 406.
LaTeX Font Info:    Overwriting symbol font `SFMathUp' in version `bold'
(Font)                  OT1/cmss/m/n --> OT1/cmss/bx/n on input line 407.
LaTeX Font Info:    Redeclaring math symbol \ldotp on input line 410.
\symSFMathGreek=\mathgroup8
LaTeX Font Info:    Overwriting symbol font `SFMathGreek' in version `normal'
(Font)                  OT1/cmss/m/n --> OT1/cmss/m/n on input line 419.
LaTeX Font Info:    Overwriting symbol font `SFMathGreek' in version `bold'
(Font)                  OT1/cmss/m/n --> OT1/cmss/bx/n on input line 420.
LaTeX Font Info:    Redeclaring math symbol \Gamma on input line 422.
LaTeX Font Info:    Redeclaring math symbol \Delta on input line 423.
LaTeX Font Info:    Redeclaring math symbol \Theta on input line 424.
LaTeX Font Info:    Redeclaring math symbol \Lambda on input line 425.
LaTeX Font Info:    Redeclaring math symbol \Xi on input line 426.
LaTeX Font Info:    Redeclaring math symbol \Pi on input line 427.
LaTeX Font Info:    Redeclaring math symbol \Sigma on input line 428.
LaTeX Font Info:    Redeclaring math symbol \Upsilon on input line 429.
LaTeX Font Info:    Redeclaring math symbol \Phi on input line 430.
LaTeX Font Info:    Redeclaring math symbol \Psi on input line 431.
LaTeX Font Info:    Redeclaring math symbol \Omega on input line 432.
\symSFMathUpGreek=\mathgroup9
LaTeX Font Info:    Overwriting symbol font `SFMathUpGreek' in version `normal'
(Font)                  OT1/cmss/m/n --> OT1/cmss/m/n on input line 436.
LaTeX Font Info:    Overwriting symbol font `SFMathUpGreek' in version `bold'
(Font)                  OT1/cmss/m/n --> OT1/cmss/bx/n on input line 437.
LaTeX Font Info:    Overwriting math alphabet `\mathnormal' in version `normal'
(Font)                  OML/cmm/m/it --> OT1/cmss/m/sl on input line 446.
LaTeX Font Info:    Overwriting math alphabet `\mathnormal' in version `bold'
(Font)                  OML/cmm/b/it --> OT1/cmss/bx/n on input line 447.
LaTeX Font Info:    Overwriting math alphabet `\mathrm' in version `normal'
(Font)                  OT1/cmss/m/n --> OT1/cmss/m/n on input line 449.
LaTeX Font Info:    Overwriting math alphabet `\mathrm' in version `bold'
(Font)                  OT1/cmss/bx/n --> OT1/cmss/bx/n on input line 450.
LaTeX Font Info:    Overwriting math alphabet `\mathbf' in version `normal'
(Font)                  OT1/cmr/bx/n --> OT1/cmss/bx/n on input line 452.
LaTeX Font Info:    Overwriting math alphabet `\mathbf' in version `bold'
(Font)                  OT1/cmr/bx/n --> OT1/cmss/bx/n on input line 453.
LaTeX Font Info:    Overwriting math alphabet `\mathit' in version `normal'
(Font)                  OT1/cmr/m/it --> OT1/cmss/m/sl on input line 455.
LaTeX Font Info:    Overwriting math alphabet `\mathit' in version `bold'
(Font)                  OT1/cmr/bx/it --> OT1/cmss/m/sl on input line 456.
LaTeX Font Info:    Overwriting math alphabet `\mathsf' in version `normal'
(Font)                  OT1/cmss/m/n --> OT1/cmss/m/n on input line 458.
LaTeX Font Info:    Overwriting math alphabet `\mathsf' in version `bold'
(Font)                  OT1/cmss/bx/n --> OT1/cmss/bx/n on input line 459.
LaTeX Font Info:    Overwriting math alphabet `\mathsl' in version `bold'
(Font)                  OT1/cmss/m/sl --> OT1/cmss/m/sl on input line 466.
) (/usr/share/texmf-dist/tex/latex/apacite/apacite.sty
Package: apacite 2013/07/21 v6.03 APA citation
\c@BibCnt=\count312
\bibleftmargin=\skip108
\bibindent=\skip109
\bibparsep=\skip110
\bibitemsep=\skip111
\biblabelsep=\skip112
) (/usr/share/texmf-dist/tex/latex/textpos/textpos.sty
Package: textpos 2020/09/26 v1.10

Package: textpos 2020/09/26 1.10, absolute positioning of text on the page
Package textpos Info: choosing support for LaTeX3 on input line 61.
\TP@textbox=\box52
\TP@holdbox=\box53
\TPHorizModule=\dimen167
\TPVertModule=\dimen168
\TP@margin=\dimen169
\TP@absmargin=\dimen170
Grid set 16 x 16 = 38.39343pt x 49.68562pt
\TPboxrulesize=\dimen171
\TP@ox=\dimen172
\TP@oy=\dimen173
\TP@tbargs=\toks24
TextBlockOrigin set to 0pt x 0pt
) (/usr/share/texmf-dist/tex/latex/parskip/parskip.sty
Package: parskip 2021-03-14 v2.0h non-zero parskip adjustments
) (./istcover.sty) (/usr/share/texmf-dist/tex/latex/base/fontenc.sty
Package: fontenc 2021/04/29 v2.0v Standard LaTeX package
LaTeX Font Info:    Trying to load font information for T1+phv on input line 112.
 (/usr/share/texmf-dist/tex/latex/psnfss/t1phv.fd
File: t1phv.fd 2020/03/25 scalable font definitions for T1/phv.
))) (/usr/share/texmf-dist/tex/latex/base/inputenc.sty
Package: inputenc 2021/02/14 v1.3d Input encoding file
\inpenc@prehook=\toks25
\inpenc@posthook=\toks26
) (/usr/share/texmf-dist/tex/latex/base/fontenc.sty
Package: fontenc 2021/04/29 v2.0v Standard LaTeX package
) (/usr/share/texmf-dist/tex/latex/base/textcomp.sty
Package: textcomp 2020/02/02 v2.0n Standard LaTeX package
) (/usr/share/texmf-dist/tex/latex/amsmath/amsmath.sty
Package: amsmath 2021/10/15 v2.17l AMS math features
\@mathmargin=\skip113

For additional information on amsmath, use the `?' option.
(/usr/share/texmf-dist/tex/latex/amsmath/amstext.sty
Package: amstext 2021/08/26 v2.01 AMS text
 (/usr/share/texmf-dist/tex/latex/amsmath/amsgen.sty
File: amsgen.sty 1999/11/30 v2.0 generic functions
\@emptytoks=\toks27
\ex@=\dimen174
)) (/usr/share/texmf-dist/tex/latex/amsmath/amsbsy.sty
Package: amsbsy 1999/11/29 v1.2d Bold Symbols
\pmbraise@=\dimen175
) (/usr/share/texmf-dist/tex/latex/amsmath/amsopn.sty
Package: amsopn 2021/08/26 v2.02 operator names
)
\inf@bad=\count313
LaTeX Info: Redefining \frac on input line 234.
\uproot@=\count314
\leftroot@=\count315
LaTeX Info: Redefining \overline on input line 399.
\classnum@=\count316
\DOTSCASE@=\count317
LaTeX Info: Redefining \ldots on input line 496.
LaTeX Info: Redefining \dots on input line 499.
LaTeX Info: Redefining \cdots on input line 620.
\Mathstrutbox@=\box54
\strutbox@=\box55
\big@size=\dimen176
LaTeX Font Info:    Redeclaring font encoding OML on input line 743.
LaTeX Font Info:    Redeclaring font encoding OMS on input line 744.
\macc@depth=\count318
\c@MaxMatrixCols=\count319
\dotsspace@=\muskip17
\c@parentequation=\count320
\dspbrk@lvl=\count321
\tag@help=\toks28
\row@=\count322
\column@=\count323
\maxfields@=\count324
\andhelp@=\toks29
\eqnshift@=\dimen177
\alignsep@=\dimen178
\tagshift@=\dimen179
\tagwidth@=\dimen180
\totwidth@=\dimen181
\lineht@=\dimen182
\@envbody=\toks30
\multlinegap=\skip114
\multlinetaggap=\skip115
\mathdisplay@stack=\toks31
LaTeX Info: Redefining \[ on input line 2938.
LaTeX Info: Redefining \] on input line 2939.
) (/usr/share/texmf-dist/tex/latex/fancybox/fancybox.sty
Package: fancybox 2010/05/15 1.4

Style option: `fancybox' v1.4 <2010/05/15> (tvz)
\@fancybox=\box56
\shadowsize=\dimen183
\@Sbox=\box57
\do@VerbBox=\toks32
\the@fancyput=\toks33
\this@fancyput=\toks34
\EndVerbatimTokens=\toks35
\Verbatim@Outfile=\write3
\Verbatim@Infile=\read3
) (/usr/share/texmf-dist/tex/latex/anyfontsize/anyfontsize.sty
Package: anyfontsize 2007/11/22 anyfontsize.sty by pts
) (/usr/share/texmf-dist/tex/latex/lipsum/lipsum.sty (/usr/share/texmf-dist/tex/latex/l3packages/l3keys2e/l3keys2e.sty (/usr/share/texmf-dist/tex/latex/l3kernel/expl3.sty
Package: expl3 2022-04-10 L3 programming layer (loader) 
 (/usr/share/texmf-dist/tex/latex/l3backend/l3backend-pdftex.def
File: l3backend-pdftex.def 2022-04-14 L3 backend support: PDF output (pdfTeX)
\l__color_backend_stack_int=\count325
\l__pdf_internal_box=\box58
))
Package: l3keys2e 2022-01-12 LaTeX2e option processing using LaTeX3 keys
)
Package: lipsum 2021-09-20 v2.7 150 paragraphs of Lorem Ipsum dummy text
\g__lipsum_par_int=\count326
\l__lipsum_a_int=\count327
\l__lipsum_b_int=\count328
 (/usr/share/texmf-dist/tex/latex/lipsum/lipsum.ltd.tex)) (/usr/share/texmf-dist/tex/latex/float/float.sty
Package: float 2001/11/08 v1.3d Float enhancements (AL)
\c@float@type=\count329
\float@exts=\toks36
\float@box=\box59
\@float@everytoks=\toks37
\@floatcapt=\box60
) (/usr/share/texmf-dist/tex/generic/ulem/ulem.sty
\UL@box=\box61
\UL@hyphenbox=\box62
\UL@skip=\skip116
\UL@hook=\toks38
\UL@height=\dimen184
\UL@pe=\count330
\UL@pixel=\dimen185
\ULC@box=\box63
Package: ulem 2019/11/18
\ULdepth=\dimen186
) (/usr/share/texmf-dist/tex/latex/cleveref/cleveref.sty
Package: cleveref 2018/03/27 v0.21.4 Intelligent cross-referencing
Package cleveref Info: `hyperref' support loaded on input line 2370.
LaTeX Info: Redefining \cref on input line 2370.
LaTeX Info: Redefining \Cref on input line 2370.
LaTeX Info: Redefining \crefrange on input line 2370.
LaTeX Info: Redefining \Crefrange on input line 2370.
LaTeX Info: Redefining \cpageref on input line 2370.
LaTeX Info: Redefining \Cpageref on input line 2370.
LaTeX Info: Redefining \cpagerefrange on input line 2370.
LaTeX Info: Redefining \Cpagerefrange on input line 2370.
LaTeX Info: Redefining \labelcref on input line 2370.
LaTeX Info: Redefining \labelcpageref on input line 2370.
) (/usr/share/texmf-dist/tex/latex/siunitx/siunitx.sty
Package: siunitx 2022-04-04 v3.0.50 A comprehensive (SI) units package
\l__siunitx_angle_tmp_dim=\dimen187
\l__siunitx_angle_marker_box=\box64
\l__siunitx_angle_unit_box=\box65
\l__siunitx_compound_count_int=\count331
 (/usr/share/texmf-dist/tex/latex/translations/translations.sty
Package: translations 2022/02/05 v1.12 internationalization of LaTeX2e packages (CN)
)
\l__siunitx_number_exponent_fixed_int=\count332
\l__siunitx_number_min_decimal_int=\count333
\l__siunitx_number_min_integer_int=\count334
\l__siunitx_number_round_precision_int=\count335
\l__siunitx_number_group_minimum_int=\count336
\l__siunitx_table_tmp_box=\box66
\l__siunitx_table_tmp_dim=\dimen188
\l__siunitx_table_column_width_dim=\dimen189
\l__siunitx_table_integer_box=\box67
\l__siunitx_table_decimal_box=\box68
\l__siunitx_table_before_box=\box69
\l__siunitx_table_after_box=\box70
\l__siunitx_table_before_dim=\dimen190
\l__siunitx_table_carry_dim=\dimen191
\l__siunitx_unit_tmp_int=\count337
\l__siunitx_unit_position_int=\count338
\l__siunitx_unit_total_int=\count339
) (/usr/share/texmf-dist/tex/latex/acronym/acronym.sty
Package: acronym 2020/04/17 v1.47 Support for acronyms (Tobias Oetiker)
 (/usr/share/texmf-dist/tex/latex/bigfoot/suffix.sty
Package: suffix 2006/07/15 1.5a Variant command support
)
\AC@clearlist=\toks39
) (./defs.tex) (/usr/share/texmf-dist/tex/latex/ccicons/ccicons.sty
Package: ccicons 2017/10/30 v1.6 LaTeX support for Creative Commons icons
 (/usr/share/texmf-dist/tex/latex/xkeyval/xkeyval.sty
Package: xkeyval 2020/11/20 v2.8 package option processing (HA)
 (/usr/share/texmf-dist/tex/generic/xkeyval/xkeyval.tex (/usr/share/texmf-dist/tex/generic/xkeyval/xkvutils.tex
\XKV@toks=\toks40
\XKV@tempa@toks=\toks41
)
\XKV@depth=\count340
File: xkeyval.tex 2014/12/03 v2.7a key=value parser (HA)
))) (/usr/share/texmf-dist/tex/latex/csquotes/csquotes.sty
Package: csquotes 2021-02-22 v5.2l context-sensitive quotations (JAW)
\csq@reset=\count341
\csq@gtype=\count342
\csq@glevel=\count343
\csq@qlevel=\count344
\csq@maxlvl=\count345
\csq@tshold=\count346
\csq@ltx@everypar=\toks42
 (/usr/share/texmf-dist/tex/latex/csquotes/csquotes.def
File: csquotes.def 2021-02-22 v5.2l csquotes generic definitions (JAW)
)
Package csquotes Info: Trying to load configuration file 'csquotes.cfg'...
Package csquotes Info: ... configuration file loaded successfully.
 (/usr/share/texmf-dist/tex/latex/csquotes/csquotes.cfg
File: csquotes.cfg 
))
Package translations Info: No language package found. I am going to use `english' as default language. on input line 40.
 (./report.aux)
\openout1 = `report.aux'.

LaTeX Font Info:    Checking defaults for OML/cmm/m/it on input line 40.
LaTeX Font Info:    ... okay on input line 40.
LaTeX Font Info:    Checking defaults for OMS/cmsy/m/n on input line 40.
LaTeX Font Info:    ... okay on input line 40.
LaTeX Font Info:    Checking defaults for OT1/cmr/m/n on input line 40.
LaTeX Font Info:    ... okay on input line 40.
LaTeX Font Info:    Checking defaults for T1/cmr/m/n on input line 40.
LaTeX Font Info:    ... okay on input line 40.
LaTeX Font Info:    Checking defaults for TS1/cmr/m/n on input line 40.
LaTeX Font Info:    ... okay on input line 40.
LaTeX Font Info:    Checking defaults for OMX/cmex/m/n on input line 40.
LaTeX Font Info:    ... okay on input line 40.
LaTeX Font Info:    Checking defaults for U/cmr/m/n on input line 40.
LaTeX Font Info:    ... okay on input line 40.
LaTeX Font Info:    Checking defaults for PD1/pdf/m/n on input line 40.
LaTeX Font Info:    ... okay on input line 40.
LaTeX Font Info:    Checking defaults for PU/pdf/m/n on input line 40.
LaTeX Font Info:    ... okay on input line 40.
Package hyperref Info: Link coloring ON on input line 40.
 (/usr/share/texmf-dist/tex/latex/hyperref/nameref.sty
Package: nameref 2021-04-02 v2.47 Cross-referencing by name of section
 (/usr/share/texmf-dist/tex/latex/refcount/refcount.sty
Package: refcount 2019/12/15 v3.6 Data extraction from label references (HO)
) (/usr/share/texmf-dist/tex/generic/gettitlestring/gettitlestring.sty
Package: gettitlestring 2019/12/15 v1.6 Cleanup title references (HO)
)
\c@section@level=\count347
)
LaTeX Info: Redefining \ref on input line 40.
LaTeX Info: Redefining \pageref on input line 40.
LaTeX Info: Redefining \nameref on input line 40.
 (./report.out) (./report.out)
\@outlinefile=\write4
\openout4 = `report.out'.

 (/usr/share/texmf-dist/tex/context/base/mkii/supp-pdf.mkii
[Loading MPS to PDF converter (version 2006.09.02).]
\scratchcounter=\count348
\scratchdimen=\dimen192
\scratchbox=\box71
\nofMPsegments=\count349
\nofMParguments=\count350
\everyMPshowfont=\toks43
\MPscratchCnt=\count351
\MPscratchDim=\dimen193
\MPnumerator=\count352
\makeMPintoPDFobject=\count353
\everyMPtoPDFconversion=\toks44
) (/usr/share/texmf-dist/tex/latex/epstopdf-pkg/epstopdf-base.sty
Package: epstopdf-base 2020-01-24 v2.11 Base part for package epstopdf
Package epstopdf-base Info: Redefining graphics rule for `.eps' on input line 485.
 (/usr/share/texmf-dist/tex/latex/latexconfig/epstopdf-sys.cfg
File: epstopdf-sys.cfg 2010/07/13 v1.3 Configuration of (r)epstopdf for TeX Live
))
*geometry* driver: auto-detecting
*geometry* detected driver: pdftex
*geometry* verbose mode - [ preamble ] result:
* driver: pdftex
* paper: a4paper
* layout: <same size as paper>
* layoutoffset:(h,v)=(0.0pt,0.0pt)
* modes: 
* h-part:(L,W,R)=(71.13188pt, 455.24411pt, 71.13188pt)
* v-part:(T,H,B)=(71.13188pt, 680.02078pt, 93.89418pt)
* \paperwidth=597.50787pt
* \paperheight=845.04684pt
* \textwidth=455.24411pt
* \textheight=680.02078pt
* \oddsidemargin=-1.1381pt
* \evensidemargin=-1.1381pt
* \topmargin=-27.36447pt
* \headheight=12.0pt
* \headsep=14.22636pt
* \topskip=11.0pt
* \footskip=21.33955pt
* \marginparwidth=54.2025pt
* \marginparsep=10.0pt
* \columnsep=10.0pt
* \skip\footins=10.0pt plus 4.0pt minus 2.0pt
* \hoffset=0.0pt
* \voffset=0.0pt
* \mag=1000
* \@twocolumnfalse
* \@twosidefalse
* \@mparswitchfalse
* \@reversemarginfalse
* (1in=72.27pt=25.4mm, 1cm=28.453pt)

Package caption Info: Begin \AtBeginDocument code.
Package caption Info: float package is loaded.
Package caption Info: End \AtBeginDocument code.
\c@maskedRefs=\count354
(/usr/share/texmf-dist/tex/latex/apacite/english.apc
File: english.apc 2013/07/21 v6.03 apacite language file
LaTeX Info: Redefining \BPBI on input line 129.
LaTeX Info: Redefining \BHBI on input line 130.
) (/usr/share/texmf-dist/tex/latex/translations/translations-basic-dictionary-english.trsl
File: translations-basic-dictionary-english.trsl (english translation file `translations-basic-dictionary')
)
Package translations Info: loading dictionary `translations-basic-dictionary' for `english'. on input line 40.
*geometry* verbose mode - [ newgeometry ] result:
* driver: pdftex
* paper: a4paper
* layout: <same size as paper>
* layoutoffset:(h,v)=(0.0pt,0.0pt)
* modes: 
* h-part:(L,W,R)=(24.18483pt, 530.64392pt, 42.67912pt)
* v-part:(T,H,B)=(24.18483pt, 860.69586pt, -39.83385pt)
* \paperwidth=597.50787pt
* \paperheight=845.04684pt
* \textwidth=530.64392pt
* \textheight=860.69586pt
* \oddsidemargin=-48.08516pt
* \evensidemargin=-48.08516pt
* \topmargin=-74.31152pt
* \headheight=12.0pt
* \headsep=14.22636pt
* \topskip=11.0pt
* \footskip=21.33955pt
* \marginparwidth=54.2025pt
* \marginparsep=10.0pt
* \columnsep=10.0pt
* \skip\footins=10.0pt plus 4.0pt minus 2.0pt
* \hoffset=0.0pt
* \voffset=0.0pt
* \mag=1000
* \@twocolumnfalse
* \@twosidefalse
* \@mparswitchfalse
* \@reversemarginfalse
* (1in=72.27pt=25.4mm, 1cm=28.453pt)

LaTeX Font Info:    Calculating math sizes for size <16> on input line 94.
LaTeX Font Info:    Trying to load font information for U+msa on input line 94.
 (/usr/share/texmf-dist/tex/latex/amsfonts/umsa.fd
File: umsa.fd 2013/01/14 v3.01 AMS symbols A
)
LaTeX Font Info:    Trying to load font information for U+msb on input line 94.
 (/usr/share/texmf-dist/tex/latex/amsfonts/umsb.fd
File: umsb.fd 2013/01/14 v3.01 AMS symbols B
)
LaTeX Font Info:    Calculating math sizes for size <14> on input line 94.
LaTeX Font Info:    Font shape `T1/phv/m/it' in size <10.95> not available
(Font)              Font shape `T1/phv/m/sl' tried instead on input line 94.
<graphics/hyperride-coverbkg.pdf, id=96, 597.50786pt x 845.04686pt>
File: graphics/hyperride-coverbkg.pdf Graphic file (type pdf)
<use graphics/hyperride-coverbkg.pdf>
Package pdftex.def Info: graphics/hyperride-coverbkg.pdf  used on input line 94.
(pdftex.def)             Requested size: 597.5064pt x 845.0448pt.
 [1.1{/var/lib/texmf/fonts/map/pdftex/updmap/pdftex.map}


 <./graphics/hyperride-coverbkg.pdf>]

Package geometry Warning: `a4paper': not available in `\newgeometry'; skipped.

*geometry* verbose mode - [ newgeometry ] result:
* driver: pdftex
* paper: a4paper
* layout: <same size as paper>
* layoutoffset:(h,v)=(0.0pt,0.0pt)
* modes: 
* h-part:(L,W,R)=(71.13188pt, 455.24411pt, 71.13188pt)
* v-part:(T,H,B)=(71.13188pt, 680.02078pt, 93.89418pt)
* \paperwidth=597.50787pt
* \paperheight=845.04684pt
* \textwidth=455.24411pt
* \textheight=680.02078pt
* \oddsidemargin=-1.1381pt
* \evensidemargin=-1.1381pt
* \topmargin=-27.36447pt
* \headheight=12.0pt
* \headsep=14.22636pt
* \topskip=11.0pt
* \footskip=-21.90874pt
* \marginparwidth=54.2025pt
* \marginparsep=10.0pt
* \columnsep=10.0pt
* \skip\footins=10.0pt plus 4.0pt minus 2.0pt
* \hoffset=0.0pt
* \voffset=0.0pt
* \mag=1000
* \@twocolumnfalse
* \@twosidefalse
* \@mparswitchfalse
* \@reversemarginfalse
* (1in=72.27pt=25.4mm, 1cm=28.453pt)

(./report.chl)
Overfull \hbox (27.19284pt too wide) in paragraph at lines 94--95
[] 
 []



pdfTeX warning: pdflatex (file ./graphics/hyperride-logo.pdf): PDF inclusion: found PDF version <1.6>, but at most version <1.5> allowed
<graphics/hyperride-logo.pdf, id=136, 401.02542pt x 117.65927pt>
File: graphics/hyperride-logo.pdf Graphic file (type pdf)
<use graphics/hyperride-logo.pdf>
Package pdftex.def Info: graphics/hyperride-logo.pdf  used on input line 100.
(pdftex.def)             Requested size: 42.99979pt x 12.6158pt.

Overfull \hbox (1.75993pt too wide) has occurred while \output is active
[]|[]| 
 []


Overfull \hbox (23.10036pt too wide) has occurred while \output is active
 [][] 
 []


Package fancyhdr Warning: \headheight is too small (12.0pt): 
(fancyhdr)                Make it at least 31.69582pt, for example:
(fancyhdr)                \setlength{\headheight}{31.69582pt}.
(fancyhdr)                You might also make \topmargin smaller to compensate:
(fancyhdr)                \addtolength{\topmargin}{-19.69582pt}.


LaTeX Warning: Reference `LastPage' on page 2 undefined on input line 100.


Overfull \hbox (1.75993pt too wide) has occurred while \output is active
[]|[]| 
 []


Overfull \hbox (23.10036pt too wide) has occurred while \output is active
 [][] 
 []


Package fancyhdr Warning: \footskip is too small (-21.90874pt): 
(fancyhdr)                Make it at least 13.68002pt, for example:
(fancyhdr)                \setlength{\footskip}{13.68002pt}.

[2.2




 <./graphics/hyperride-logo.pdf>] (./report.toc)
\tf@toc=\write5
\openout5 = `report.toc'.

File: graphics/hyperride-logo.pdf Graphic file (type pdf)
<use graphics/hyperride-logo.pdf>
Package pdftex.def Info: graphics/hyperride-logo.pdf  used on input line 109.
(pdftex.def)             Requested size: 42.99979pt x 12.6158pt.

Overfull \hbox (1.75993pt too wide) has occurred while \output is active
[]|[]| 
 []


Overfull \hbox (23.10036pt too wide) has occurred while \output is active
 [][] 
 []


Package fancyhdr Warning: \headheight is too small (12.0pt): 
(fancyhdr)                Make it at least 31.69582pt, for example:
(fancyhdr)                \setlength{\headheight}{31.69582pt}.
(fancyhdr)                You might also make \topmargin smaller to compensate:
(fancyhdr)                \addtolength{\topmargin}{-19.69582pt}.


LaTeX Warning: Reference `LastPage' on page 3 undefined on input line 109.


Overfull \hbox (1.75993pt too wide) has occurred while \output is active
[]|[]| 
 []


Overfull \hbox (23.10036pt too wide) has occurred while \output is active
 [][] 
 []


Package fancyhdr Warning: \footskip is too small (-21.90874pt): 
(fancyhdr)                Make it at least 13.68002pt, for example:
(fancyhdr)                \setlength{\footskip}{13.68002pt}.

[3.3

] (./report.lof)
\tf@lof=\write6
\openout6 = `report.lof'.

File: graphics/hyperride-logo.pdf Graphic file (type pdf)
<use graphics/hyperride-logo.pdf>
Package pdftex.def Info: graphics/hyperride-logo.pdf  used on input line 117.
(pdftex.def)             Requested size: 42.99979pt x 12.6158pt.

Overfull \hbox (1.75993pt too wide) has occurred while \output is active
[]|[]| 
 []


Overfull \hbox (23.10036pt too wide) has occurred while \output is active
 [][] 
 []


Package fancyhdr Warning: \headheight is too small (12.0pt): 
(fancyhdr)                Make it at least 31.69582pt, for example:
(fancyhdr)                \setlength{\headheight}{31.69582pt}.
(fancyhdr)                You might also make \topmargin smaller to compensate:
(fancyhdr)                \addtolength{\topmargin}{-19.69582pt}.


LaTeX Warning: Reference `LastPage' on page 4 undefined on input line 117.


Overfull \hbox (1.75993pt too wide) has occurred while \output is active
[]|[]| 
 []


Overfull \hbox (23.10036pt too wide) has occurred while \output is active
 [][] 
 []


Package fancyhdr Warning: \footskip is too small (-21.90874pt): 
(fancyhdr)                Make it at least 13.68002pt, for example:
(fancyhdr)                \setlength{\footskip}{13.68002pt}.

[4.4

] (./report.lot
LaTeX Font Info:    Trying to load font information for T1+cmtt on input line 2.
 (/usr/share/texmf-dist/tex/latex/base/t1cmtt.fd
File: t1cmtt.fd 2019/12/16 v2.5j Standard LaTeX font definitions
))
\tf@lot=\write7
\openout7 = `report.lot'.

 (./sections/abbreviations.tex
File: graphics/hyperride-logo.pdf Graphic file (type pdf)
<use graphics/hyperride-logo.pdf>
Package pdftex.def Info: graphics/hyperride-logo.pdf  used on input line 5.
(pdftex.def)             Requested size: 42.99979pt x 12.6158pt.

Overfull \hbox (1.75993pt too wide) has occurred while \output is active
[]|[]| 
 []


Overfull \hbox (23.10036pt too wide) has occurred while \output is active
 [][] 
 []


Package fancyhdr Warning: \headheight is too small (12.0pt): 
(fancyhdr)                Make it at least 31.69582pt, for example:
(fancyhdr)                \setlength{\headheight}{31.69582pt}.
(fancyhdr)                You might also make \topmargin smaller to compensate:
(fancyhdr)                \addtolength{\topmargin}{-19.69582pt}.


LaTeX Warning: Reference `LastPage' on page 5 undefined on input line 5.


Overfull \hbox (1.75993pt too wide) has occurred while \output is active
[]|[]| 
 []


Overfull \hbox (23.10036pt too wide) has occurred while \output is active
 [][] 
 []


Package fancyhdr Warning: \footskip is too small (-21.90874pt): 
(fancyhdr)                Make it at least 13.68002pt, for example:
(fancyhdr)                \setlength{\footskip}{13.68002pt}.

[5.5

]) (./sections/allgemeines.tex) (./sections/konzept_vergleich.tex
File: graphics/hyperride-logo.pdf Graphic file (type pdf)
<use graphics/hyperride-logo.pdf>
Package pdftex.def Info: graphics/hyperride-logo.pdf  used on input line 6.
(pdftex.def)             Requested size: 42.99979pt x 12.6158pt.

Overfull \hbox (1.75993pt too wide) has occurred while \output is active
[]|[]| 
 []


Overfull \hbox (23.10036pt too wide) has occurred while \output is active
 [][] 
 []


Package fancyhdr Warning: \headheight is too small (12.0pt): 
(fancyhdr)                Make it at least 31.69582pt, for example:
(fancyhdr)                \setlength{\headheight}{31.69582pt}.
(fancyhdr)                You might also make \topmargin smaller to compensate:
(fancyhdr)                \addtolength{\topmargin}{-19.69582pt}.


LaTeX Warning: Reference `LastPage' on page 6 undefined on input line 6.


Overfull \hbox (1.75993pt too wide) has occurred while \output is active
[]|[]| 
 []


Overfull \hbox (23.10036pt too wide) has occurred while \output is active
 [][] 
 []


Package fancyhdr Warning: \footskip is too small (-21.90874pt): 
(fancyhdr)                Make it at least 13.68002pt, for example:
(fancyhdr)                \setlength{\footskip}{13.68002pt}.

[6.6

]
Overfull \hbox (1.20828pt too wide) in paragraph at lines 7--7
[]\T1/phv/b/n/18 Konzeptionsvergleich zu Bah-num-richter-an-lage 
 []

) (./sections/exploitation-dissemination.tex
File: graphics/hyperride-logo.pdf Graphic file (type pdf)
<use graphics/hyperride-logo.pdf>
Package pdftex.def Info: graphics/hyperride-logo.pdf  used on input line 5.
(pdftex.def)             Requested size: 42.99979pt x 12.6158pt.

Overfull \hbox (1.75993pt too wide) has occurred while \output is active
[]|[]| 
 []


Overfull \hbox (23.10036pt too wide) has occurred while \output is active
 [][] 
 []


Package fancyhdr Warning: \headheight is too small (12.0pt): 
(fancyhdr)                Make it at least 31.69582pt, for example:
(fancyhdr)                \setlength{\headheight}{31.69582pt}.
(fancyhdr)                You might also make \topmargin smaller to compensate:
(fancyhdr)                \addtolength{\topmargin}{-19.69582pt}.


LaTeX Warning: Reference `LastPage' on page 7 undefined on input line 5.


Overfull \hbox (1.75993pt too wide) has occurred while \output is active
[]|[]| 
 []


Overfull \hbox (23.10036pt too wide) has occurred while \output is active
 [][] 
 []


Package fancyhdr Warning: \footskip is too small (-21.90874pt): 
(fancyhdr)                Make it at least 13.68002pt, for example:
(fancyhdr)                \setlength{\footskip}{13.68002pt}.

[7.7

]
Package acronym Info: Label `acro:DoA' newly defined as it shall be overridden
although it is yet undefined on input line 13.
) (./sections/data-management.tex
File: graphics/hyperride-logo.pdf Graphic file (type pdf)
<use graphics/hyperride-logo.pdf>
Package pdftex.def Info: graphics/hyperride-logo.pdf  used on input line 5.
(pdftex.def)             Requested size: 42.99979pt x 12.6158pt.

Overfull \hbox (1.75993pt too wide) has occurred while \output is active
[]|[]| 
 []


Overfull \hbox (23.10036pt too wide) has occurred while \output is active
 [][] 
 []


Package fancyhdr Warning: \headheight is too small (12.0pt): 
(fancyhdr)                Make it at least 31.69582pt, for example:
(fancyhdr)                \setlength{\headheight}{31.69582pt}.
(fancyhdr)                You might also make \topmargin smaller to compensate:
(fancyhdr)                \addtolength{\topmargin}{-19.69582pt}.


LaTeX Warning: Reference `LastPage' on page 8 undefined on input line 5.


Overfull \hbox (1.75993pt too wide) has occurred while \output is active
[]|[]| 
 []


Overfull \hbox (23.10036pt too wide) has occurred while \output is active
 [][] 
 []


Package fancyhdr Warning: \footskip is too small (-21.90874pt): 
(fancyhdr)                Make it at least 13.68002pt, for example:
(fancyhdr)                \setlength{\footskip}{13.68002pt}.

[8.8

]
Package acronym Info: Label `acro:DMP' newly defined as it shall be overridden
although it is yet undefined on input line 13.
) (./sections/follow-up-reviews.tex
File: graphics/hyperride-logo.pdf Graphic file (type pdf)
<use graphics/hyperride-logo.pdf>
Package pdftex.def Info: graphics/hyperride-logo.pdf  used on input line 6.
(pdftex.def)             Requested size: 42.99979pt x 12.6158pt.

Overfull \hbox (1.75993pt too wide) has occurred while \output is active
[]|[]| 
 []


Overfull \hbox (23.10036pt too wide) has occurred while \output is active
 [][] 
 []


Package fancyhdr Warning: \headheight is too small (12.0pt): 
(fancyhdr)                Make it at least 31.69582pt, for example:
(fancyhdr)                \setlength{\headheight}{31.69582pt}.
(fancyhdr)                You might also make \topmargin smaller to compensate:
(fancyhdr)                \addtolength{\topmargin}{-19.69582pt}.


LaTeX Warning: Reference `LastPage' on page 9 undefined on input line 6.


Overfull \hbox (1.75993pt too wide) has occurred while \output is active
[]|[]| 
 []


Overfull \hbox (23.10036pt too wide) has occurred while \output is active
 [][] 
 []


Package fancyhdr Warning: \footskip is too small (-21.90874pt): 
(fancyhdr)                Make it at least 13.68002pt, for example:
(fancyhdr)                \setlength{\footskip}{13.68002pt}.

[9.9

]) (./sections/deviations.tex
File: graphics/hyperride-logo.pdf Graphic file (type pdf)
<use graphics/hyperride-logo.pdf>
Package pdftex.def Info: graphics/hyperride-logo.pdf  used on input line 5.
(pdftex.def)             Requested size: 42.99979pt x 12.6158pt.

Overfull \hbox (1.75993pt too wide) has occurred while \output is active
[]|[]| 
 []


Overfull \hbox (23.10036pt too wide) has occurred while \output is active
 [][] 
 []


Package fancyhdr Warning: \headheight is too small (12.0pt): 
(fancyhdr)                Make it at least 31.69582pt, for example:
(fancyhdr)                \setlength{\headheight}{31.69582pt}.
(fancyhdr)                You might also make \topmargin smaller to compensate:
(fancyhdr)                \addtolength{\topmargin}{-19.69582pt}.


LaTeX Warning: Reference `LastPage' on page 10 undefined on input line 5.


Overfull \hbox (1.75993pt too wide) has occurred while \output is active
[]|[]| 
 []


Overfull \hbox (23.10036pt too wide) has occurred while \output is active
 [][] 
 []


Package fancyhdr Warning: \footskip is too small (-21.90874pt): 
(fancyhdr)                Make it at least 13.68002pt, for example:
(fancyhdr)                \setlength{\footskip}{13.68002pt}.

[10.10

]
Overfull \hbox (3.61255pt too wide) in paragraph at lines 15--16
\T1/phv/b/n/10.95 TODO: \T1/phv/m/n/10.95 ``In-clude ex-pla-na-tions for tasks not fully im-ple-mented, crit-i-cal ob-jec-tives not fully achieved
 []

Package acronym Info: Label `acro:PM' newly defined as it shall be overridden
although it is yet undefined on input line 21.
Package acronym Info: Label `acro:WP' newly defined as it shall be overridden
although it is yet undefined on input line 21.
LaTeX Font Info:    Trying to load font information for TS1+phv on input line 31.
(/usr/share/texmf-dist/tex/latex/psnfss/ts1phv.fd
File: ts1phv.fd 2020/03/25 scalable font definitions for TS1/phv.
))
File: graphics/hyperride-logo.pdf Graphic file (type pdf)
<use graphics/hyperride-logo.pdf>
Package pdftex.def Info: graphics/hyperride-logo.pdf  used on input line 141.
(pdftex.def)             Requested size: 42.99979pt x 12.6158pt.

Overfull \hbox (1.75993pt too wide) has occurred while \output is active
[]|[]| 
 []


Overfull \hbox (23.10036pt too wide) has occurred while \output is active
 [][] 
 []


Package fancyhdr Warning: \headheight is too small (12.0pt): 
(fancyhdr)                Make it at least 31.69582pt, for example:
(fancyhdr)                \setlength{\headheight}{31.69582pt}.
(fancyhdr)                You might also make \topmargin smaller to compensate:
(fancyhdr)                \addtolength{\topmargin}{-19.69582pt}.


LaTeX Warning: Reference `LastPage' on page 11 undefined on input line 141.


Overfull \hbox (1.75993pt too wide) has occurred while \output is active
[]|[]| 
 []


Overfull \hbox (23.10036pt too wide) has occurred while \output is active
 [][] 
 []


Package fancyhdr Warning: \footskip is too small (-21.90874pt): 
(fancyhdr)                Make it at least 13.68002pt, for example:
(fancyhdr)                \setlength{\footskip}{13.68002pt}.

[11.11

] (./report.bbl) (./sections/appendix-a.tex
File: graphics/hyperride-logo.pdf Graphic file (type pdf)
<use graphics/hyperride-logo.pdf>
Package pdftex.def Info: graphics/hyperride-logo.pdf  used on input line 5.
(pdftex.def)             Requested size: 42.99979pt x 12.6158pt.

Overfull \hbox (1.75993pt too wide) has occurred while \output is active
[]|[]| 
 []


Overfull \hbox (23.10036pt too wide) has occurred while \output is active
 [][] 
 []


Package fancyhdr Warning: \headheight is too small (12.0pt): 
(fancyhdr)                Make it at least 31.69582pt, for example:
(fancyhdr)                \setlength{\headheight}{31.69582pt}.
(fancyhdr)                You might also make \topmargin smaller to compensate:
(fancyhdr)                \addtolength{\topmargin}{-19.69582pt}.


LaTeX Warning: Reference `LastPage' on page 12 undefined on input line 5.


Overfull \hbox (1.75993pt too wide) has occurred while \output is active
[]|[]| 
 []


Overfull \hbox (23.10036pt too wide) has occurred while \output is active
 [][] 
 []


Package fancyhdr Warning: \footskip is too small (-21.90874pt): 
(fancyhdr)                Make it at least 13.68002pt, for example:
(fancyhdr)                \setlength{\footskip}{13.68002pt}.

[12.12

]
File: graphics/hyperride-logo.pdf Graphic file (type pdf)
<use graphics/hyperride-logo.pdf>
Package pdftex.def Info: graphics/hyperride-logo.pdf  used on input line 55.
(pdftex.def)             Requested size: 42.99979pt x 12.6158pt.

Overfull \hbox (1.75993pt too wide) has occurred while \output is active
[]|[]| 
 []


Overfull \hbox (23.10036pt too wide) has occurred while \output is active
 [][] 
 []


Package fancyhdr Warning: \headheight is too small (12.0pt): 
(fancyhdr)                Make it at least 31.69582pt, for example:
(fancyhdr)                \setlength{\headheight}{31.69582pt}.
(fancyhdr)                You might also make \topmargin smaller to compensate:
(fancyhdr)                \addtolength{\topmargin}{-19.69582pt}.


LaTeX Warning: Reference `LastPage' on page 13 undefined on input line 55.


Overfull \hbox (1.75993pt too wide) has occurred while \output is active
[]|[]| 
 []


Overfull \hbox (23.10036pt too wide) has occurred while \output is active
 [][] 
 []


Package fancyhdr Warning: \footskip is too small (-21.90874pt): 
(fancyhdr)                Make it at least 13.68002pt, for example:
(fancyhdr)                \setlength{\footskip}{13.68002pt}.

[13.13

]
LaTeX Font Info:    Font shape `T1/phv/m/it' in size <10> not available
(Font)              Font shape `T1/phv/m/sl' tried instead on input line 93.
<graphics/graphicastable.pdf, id=265, 804.00381pt x 352.31625pt>
File: graphics/graphicastable.pdf Graphic file (type pdf)
<use graphics/graphicastable.pdf>
Package pdftex.def Info: graphics/graphicastable.pdf  used on input line 95.
(pdftex.def)             Requested size: 455.24411pt x 199.48912pt.
LaTeX Font Info:    Font shape `T1/phv/m/it' in size <7> not available
(Font)              Font shape `T1/phv/m/sl' tried instead on input line 102.
File: graphics/hyperride-logo.pdf Graphic file (type pdf)
<use graphics/hyperride-logo.pdf>
Package pdftex.def Info: graphics/hyperride-logo.pdf  used on input line 120.
(pdftex.def)             Requested size: 42.99979pt x 12.6158pt.

Overfull \hbox (1.75993pt too wide) has occurred while \output is active
[]|[]| 
 []


Overfull \hbox (23.10036pt too wide) has occurred while \output is active
 [][] 
 []


Package fancyhdr Warning: \headheight is too small (12.0pt): 
(fancyhdr)                Make it at least 31.69582pt, for example:
(fancyhdr)                \setlength{\headheight}{31.69582pt}.
(fancyhdr)                You might also make \topmargin smaller to compensate:
(fancyhdr)                \addtolength{\topmargin}{-19.69582pt}.


LaTeX Warning: Reference `LastPage' on page 14 undefined on input line 120.


Overfull \hbox (1.75993pt too wide) has occurred while \output is active
[]|[]| 
 []


Overfull \hbox (23.10036pt too wide) has occurred while \output is active
 [][] 
 []


Package fancyhdr Warning: \footskip is too small (-21.90874pt): 
(fancyhdr)                Make it at least 13.68002pt, for example:
(fancyhdr)                \setlength{\footskip}{13.68002pt}.

[14.14]
<graphics/figure.pdf, id=276, 804.7565pt x 268.75406pt>
File: graphics/figure.pdf Graphic file (type pdf)
<use graphics/figure.pdf>
Package pdftex.def Info: graphics/figure.pdf  used on input line 127.
(pdftex.def)             Requested size: 405.16698pt x 135.30759pt.
File: graphics/hyperride-logo.pdf Graphic file (type pdf)
<use graphics/hyperride-logo.pdf>
Package pdftex.def Info: graphics/hyperride-logo.pdf  used on input line 132.
(pdftex.def)             Requested size: 42.99979pt x 12.6158pt.

Overfull \hbox (1.75993pt too wide) has occurred while \output is active
[]|[]| 
 []


Overfull \hbox (23.10036pt too wide) has occurred while \output is active
 [][] 
 []


Package fancyhdr Warning: \headheight is too small (12.0pt): 
(fancyhdr)                Make it at least 31.69582pt, for example:
(fancyhdr)                \setlength{\headheight}{31.69582pt}.
(fancyhdr)                You might also make \topmargin smaller to compensate:
(fancyhdr)                \addtolength{\topmargin}{-19.69582pt}.


LaTeX Warning: Reference `LastPage' on page 15 undefined on input line 132.


Overfull \hbox (1.75993pt too wide) has occurred while \output is active
[]|[]| 
 []


Overfull \hbox (23.10036pt too wide) has occurred while \output is active
 [][] 
 []


Package fancyhdr Warning: \footskip is too small (-21.90874pt): 
(fancyhdr)                Make it at least 13.68002pt, for example:
(fancyhdr)                \setlength{\footskip}{13.68002pt}.

[15.15 <./graphics/graphicastable.pdf> <./graphics/figure.pdf

pdfTeX warning: pdflatex (file ./graphics/figure.pdf): PDF inclusion: multiple pdfs with page group included in a single page
>]
Overfull \hbox (11.903pt too wide) in paragraph at lines 171--172
[]\T1/phv/m/n/10.95 Use present tense when de-scrib-ing the ideas, de-sign, sys-tems, etc. that ex-ist in the present. 
 []

File: graphics/hyperride-logo.pdf Graphic file (type pdf)
<use graphics/hyperride-logo.pdf>
Package pdftex.def Info: graphics/hyperride-logo.pdf  used on input line 187.
(pdftex.def)             Requested size: 42.99979pt x 12.6158pt.

Overfull \hbox (1.75993pt too wide) has occurred while \output is active
[]|[]| 
 []


Overfull \hbox (23.10036pt too wide) has occurred while \output is active
 [][] 
 []


Package fancyhdr Warning: \headheight is too small (12.0pt): 
(fancyhdr)                Make it at least 31.69582pt, for example:
(fancyhdr)                \setlength{\headheight}{31.69582pt}.
(fancyhdr)                You might also make \topmargin smaller to compensate:
(fancyhdr)                \addtolength{\topmargin}{-19.69582pt}.


LaTeX Warning: Reference `LastPage' on page 16 undefined on input line 187.


Overfull \hbox (1.75993pt too wide) has occurred while \output is active
[]|[]| 
 []


Overfull \hbox (23.10036pt too wide) has occurred while \output is active
 [][] 
 []


Package fancyhdr Warning: \footskip is too small (-21.90874pt): 
(fancyhdr)                Make it at least 13.68002pt, for example:
(fancyhdr)                \setlength{\footskip}{13.68002pt}.

[16.16]
File: graphics/hyperride-logo.pdf Graphic file (type pdf)
<use graphics/hyperride-logo.pdf>
Package pdftex.def Info: graphics/hyperride-logo.pdf  used on input line 242.
(pdftex.def)             Requested size: 42.99979pt x 12.6158pt.

Overfull \hbox (1.75993pt too wide) has occurred while \output is active
[]|[]| 
 []


Overfull \hbox (23.10036pt too wide) has occurred while \output is active
 [][] 
 []


Package fancyhdr Warning: \headheight is too small (12.0pt): 
(fancyhdr)                Make it at least 31.69582pt, for example:
(fancyhdr)                \setlength{\headheight}{31.69582pt}.
(fancyhdr)                You might also make \topmargin smaller to compensate:
(fancyhdr)                \addtolength{\topmargin}{-19.69582pt}.


LaTeX Warning: Reference `LastPage' on page 17 undefined on input line 242.


Overfull \hbox (1.75993pt too wide) has occurred while \output is active
[]|[]| 
 []


Overfull \hbox (23.10036pt too wide) has occurred while \output is active
 [][] 
 []


Package fancyhdr Warning: \footskip is too small (-21.90874pt): 
(fancyhdr)                Make it at least 13.68002pt, for example:
(fancyhdr)                \setlength{\footskip}{13.68002pt}.

[17.17]
File: graphics/hyperride-logo.pdf Graphic file (type pdf)
<use graphics/hyperride-logo.pdf>
Package pdftex.def Info: graphics/hyperride-logo.pdf  used on input line 303.
(pdftex.def)             Requested size: 42.99979pt x 12.6158pt.

Overfull \hbox (1.75993pt too wide) has occurred while \output is active
[]|[]| 
 []


Overfull \hbox (23.10036pt too wide) has occurred while \output is active
 [][] 
 []


Package fancyhdr Warning: \headheight is too small (12.0pt): 
(fancyhdr)                Make it at least 32.71582pt, for example:
(fancyhdr)                \setlength{\headheight}{32.71582pt}.
(fancyhdr)                You might also make \topmargin smaller to compensate:
(fancyhdr)                \addtolength{\topmargin}{-20.71582pt}.


LaTeX Warning: Reference `LastPage' on page 18 undefined on input line 303.


Overfull \hbox (1.75993pt too wide) has occurred while \output is active
[]|[]| 
 []


Overfull \hbox (23.10036pt too wide) has occurred while \output is active
 [][] 
 []


Package fancyhdr Warning: \footskip is too small (-21.90874pt): 
(fancyhdr)                Make it at least 15.38002pt, for example:
(fancyhdr)                \setlength{\footskip}{15.38002pt}.

[18.18]) (./sections/appendix-b.tex
File: graphics/hyperride-logo.pdf Graphic file (type pdf)
<use graphics/hyperride-logo.pdf>
Package pdftex.def Info: graphics/hyperride-logo.pdf  used on input line 5.
(pdftex.def)             Requested size: 42.99979pt x 12.6158pt.

Overfull \hbox (1.75993pt too wide) has occurred while \output is active
[]|[]| 
 []


Overfull \hbox (23.10036pt too wide) has occurred while \output is active
 [][] 
 []


Package fancyhdr Warning: \headheight is too small (12.0pt): 
(fancyhdr)                Make it at least 31.69582pt, for example:
(fancyhdr)                \setlength{\headheight}{31.69582pt}.
(fancyhdr)                You might also make \topmargin smaller to compensate:
(fancyhdr)                \addtolength{\topmargin}{-19.69582pt}.


LaTeX Warning: Reference `LastPage' on page 19 undefined on input line 5.


Overfull \hbox (1.75993pt too wide) has occurred while \output is active
[]|[]| 
 []


Overfull \hbox (23.10036pt too wide) has occurred while \output is active
 [][] 
 []


Package fancyhdr Warning: \footskip is too small (-21.90874pt): 
(fancyhdr)                Make it at least 13.68002pt, for example:
(fancyhdr)                \setlength{\footskip}{13.68002pt}.

[19.19]) (./sections/appendix-c.tex
File: graphics/hyperride-logo.pdf Graphic file (type pdf)
<use graphics/hyperride-logo.pdf>
Package pdftex.def Info: graphics/hyperride-logo.pdf  used on input line 5.
(pdftex.def)             Requested size: 42.99979pt x 12.6158pt.

Overfull \hbox (1.75993pt too wide) has occurred while \output is active
[]|[]| 
 []


Overfull \hbox (23.10036pt too wide) has occurred while \output is active
 [][] 
 []


Package fancyhdr Warning: \headheight is too small (12.0pt): 
(fancyhdr)                Make it at least 31.69582pt, for example:
(fancyhdr)                \setlength{\headheight}{31.69582pt}.
(fancyhdr)                You might also make \topmargin smaller to compensate:
(fancyhdr)                \addtolength{\topmargin}{-19.69582pt}.


LaTeX Warning: Reference `LastPage' on page 20 undefined on input line 5.


Overfull \hbox (1.75993pt too wide) has occurred while \output is active
[]|[]| 
 []


Overfull \hbox (23.10036pt too wide) has occurred while \output is active
 [][] 
 []


Package fancyhdr Warning: \footskip is too small (-21.90874pt): 
(fancyhdr)                Make it at least 13.68002pt, for example:
(fancyhdr)                \setlength{\footskip}{13.68002pt}.

[20.20

])
File: graphics/hyperride-logo.pdf Graphic file (type pdf)
<use graphics/hyperride-logo.pdf>
Package pdftex.def Info: graphics/hyperride-logo.pdf  used on input line 159.
(pdftex.def)             Requested size: 42.99979pt x 12.6158pt.

Overfull \hbox (1.75993pt too wide) has occurred while \output is active
[]|[]| 
 []


Overfull \hbox (23.10036pt too wide) has occurred while \output is active
 [][] 
 []


Package fancyhdr Warning: \headheight is too small (12.0pt): 
(fancyhdr)                Make it at least 31.69582pt, for example:
(fancyhdr)                \setlength{\headheight}{31.69582pt}.
(fancyhdr)                You might also make \topmargin smaller to compensate:
(fancyhdr)                \addtolength{\topmargin}{-19.69582pt}.


LaTeX Warning: Reference `LastPage' on page 21 undefined on input line 159.


Overfull \hbox (1.75993pt too wide) has occurred while \output is active
[]|[]| 
 []


Overfull \hbox (23.10036pt too wide) has occurred while \output is active
 [][] 
 []


Package fancyhdr Warning: \footskip is too small (-21.90874pt): 
(fancyhdr)                Make it at least 13.68002pt, for example:
(fancyhdr)                \setlength{\footskip}{13.68002pt}.

[21.21

]

pdfTeX warning: pdflatex (file ./graphics//hyperride-partners.pdf): PDF inclusion: found PDF version <1.6>, but at most version <1.5> allowed
<graphics//hyperride-partners.pdf, id=335, 756.79239pt x 142.60117pt>
File: graphics//hyperride-partners.pdf Graphic file (type pdf)
<use graphics//hyperride-partners.pdf>
Package pdftex.def Info: graphics//hyperride-partners.pdf  used on input line 159.
(pdftex.def)             Requested size: 446.13727pt x 84.06432pt.

Underfull \hbox (badness 10000) in paragraph at lines 159--159

 []


Underfull \hbox (badness 10000) in paragraph at lines 159--159

 []

\chlogfile=\write8
\openout8 = `report.chl'.

(/usr/share/texmf-dist/tex/generic/stringenc/se-utf8.def
File: se-utf8.def 2019/11/29 v1.12 stringenc: UTF-8
) (/usr/share/texmf-dist/tex/generic/stringenc/se-pdfdoc.def
File: se-pdfdoc.def 2019/11/29 v1.12 stringenc: PDFDocEncoding
)
File: graphics/hyperride-coverbkg.pdf Graphic file (type pdf)
<use graphics/hyperride-coverbkg.pdf>
Package pdftex.def Info: graphics/hyperride-coverbkg.pdf  used on input line 161.
(pdftex.def)             Requested size: 597.5064pt x 845.0448pt.
 [22.22

 <./graphics//hyperride-partners.pdf>] (./report.aux)

LaTeX Warning: There were undefined references.

Package rerunfilecheck Info: File `report.out' has not changed.
(rerunfilecheck)             Checksum: FD83015D2DCD0A9F03D531DCAD29F449;4266.
 ) 
Here is how much of TeX's memory you used:
 23386 strings out of 478238
 435970 string characters out of 5850456
 831605 words of memory out of 5000000
 41111 multiletter control sequences out of 15000+600000
 547036 words of font info for 146 fonts, out of 8000000 for 9000
 1141 hyphenation exceptions out of 8191
 84i,25n,90p,1015b,935s stack positions out of 5000i,500n,10000p,200000b,80000s
{/usr/share/texmf-dist/fonts/enc/dvips/cm-super/cm-super-t1.enc}{/usr/share/texmf-dist/fonts/enc/dvips/base/8r.enc}</usr/share/texmf-dist/fonts/type1/public/amsfonts/cm/cmss10.pfb></usr/share/texmf-dist/fonts/type1/public/amsfonts/cm/cmss17.pfb></usr/share/texmf-dist/fonts/type1/public/amsfonts/cm/cmss8.pfb></usr/share/texmf-dist/fonts/type1/public/amsfonts/cm/cmssbx10.pfb></usr/share/texmf-dist/fonts/type1/public/amsfonts/cm/cmsy10.pfb></usr/share/texmf-dist/fonts/type1/public/cm-super/sftt1000.pfb></usr/share/texmf-dist/fonts/type1/public/cm-super/sftt1095.pfb></usr/share/texmf-dist/fonts/type1/urw/helvetic/uhvb8a.pfb></usr/share/texmf-dist/fonts/type1/urw/helvetic/uhvr8a.pfb></usr/share/texmf-dist/fonts/type1/urw/helvetic/uhvro8a.pfb>
Output written on report.pdf (22 pages, 450215 bytes).
PDF statistics:
 406 PDF objects out of 1000 (max. 8388607)
 338 compressed objects within 4 object streams
 71 named destinations out of 1000 (max. 500000)
 214 words of extra memory for PDF output out of 10000 (max. 10000000)

