\BOOKMARK [0][]{chapter*.1}{Summary}{}% 1
\BOOKMARK [0][]{chapter*.3}{Preface}{}% 2
\BOOKMARK [0][]{chapter*.4}{Acknowledgements}{}% 3
\BOOKMARK [0][]{section*.5}{Contents}{}% 4
\BOOKMARK [0][]{section*.8}{List\040of\040Figures}{}% 5
\BOOKMARK [0][]{section*.9}{Todo\040list}{}% 6
\BOOKMARK [0][]{chapter.1}{1\040Introduction}{}% 7
\BOOKMARK [0][]{chapter.2}{2\040Heading\040on\040Level\0400\040\(chapter\)}{}% 8
\BOOKMARK [1][]{section.2.1}{2.1\040Heading\040on\040Level\0401\040\(section\)}{chapter.2}% 9
\BOOKMARK [1][]{section.2.2}{2.2\040Lists}{chapter.2}% 10
\BOOKMARK [0][]{chapter.3}{3\040Example\040Chapter}{}% 11
\BOOKMARK [1][]{section.3.1}{3.1\040Torquent\040Arcu}{chapter.3}% 12
\BOOKMARK [1][]{section.3.2}{3.2\040Luctus}{chapter.3}% 13
\BOOKMARK [1][]{section.3.3}{3.3\040Sollicitudin\040vestibulum}{chapter.3}% 14
\BOOKMARK [0][]{chapter.4}{4\040Analysis\040of\040Data}{}% 15
\BOOKMARK [1][]{section.4.1}{4.1\040Usage\040Adherence\040Data}{chapter.4}% 16
\BOOKMARK [1][]{section.4.2}{4.2\040Perceived\040Usefulness\040and\040Usability\040Data}{chapter.4}% 17
\BOOKMARK [0][]{chapter.5}{5\040Conclusion}{}% 18
\BOOKMARK [0][]{appendix.A}{A\040The\040Simple\040Usability\040Scale\040\(SUS\)}{}% 19
\BOOKMARK [0][]{appendix.B}{B\040R\040Script\040for\040Plotting\040Data}{}% 20
\BOOKMARK [1][]{section.B.1}{B.1\040Plotting\040Usage\040Adherence\040Data}{appendix.B}% 21
\BOOKMARK [1][]{section.B.2}{B.2\040Generating\040Diverging\040Stacked\040Bar\040Charts\040for\040Likert\040Scale\040Data}{appendix.B}% 22
\BOOKMARK [0][]{appendix.C}{C\040Acronyms}{}% 23
