This is XeTeX, Version 3.141592653-2.6-0.999994 (TeX Live 2022/Arch Linux) (preloaded format=xelatex 2022.6.18)  18 JUN 2022 22:16
entering extended mode
 restricted \write18 enabled.
 %&-line parsing enabled.
**Report.tex
(./Report.tex
LaTeX2e <2021-11-15> patch level 1
L3 programming layer <2022-04-10> (./preamble/static.tex)
(/usr/share/texmf-dist/tex/latex/nag/nag.sty
Package: nag 2011/11/25 0.7 warning about old commands (ulmi)
\c@nag@c=\count181
\c@nag@sins=\count182
Package nag Info: Loaded nag-l2tabu.cfg  on input line 552.

(/usr/share/texmf-dist/tex/latex/nag/nag-l2tabu.cfg
File: nag-l2tabu.cfg 2010/05/17 v2.11 l2tabu rules for nag.sty (ulmi)
)
Package nag Info: Loaded nag-orthodox.cfg  on input line 552.

(/usr/share/texmf-dist/tex/latex/nag/nag-orthodox.cfg
File: nag-orthodox.cfg 2006/04/19 v1.8 strict rules for nag.sty (ulmi)
))
(/usr/share/texmf-dist/tex/latex/memoir/memoir.cls
Document Class: memoir 2022/02/20 v3.7q configurable book, report, article docu
ment class
(/usr/share/texmf-dist/tex/latex/etoolbox/etoolbox.sty
Package: etoolbox 2020/10/05 v2.5k e-TeX tools for LaTeX (JAW)
\etb@tempcnta=\count183
)
\onelineskip=\skip47
\lxvchars=\skip48
\xlvchars=\skip49
\@memcnta=\count184
\c@@memmarkcntra=\count185

(/usr/share/texmf-dist/tex/generic/iftex/iftex.sty
Package: iftex 2022/02/03 v1.0f TeX engine tests
)
\stockheight=\skip50
\stockwidth=\skip51
\trimtop=\skip52
\trimedge=\skip53
LaTeX Font Info:    Trying to load font information for T1+lmr on input line 70
7.

(/usr/share/texmf-dist/tex/latex/lm/t1lmr.fd
File: t1lmr.fd 2015/05/01 v1.6.1 Font defs for Latin Modern
)
(/usr/share/texmf-dist/tex/latex/memoir/mem10.clo
File: mem10.clo 2008/01/30 v0.3 memoir class 10pt size option
)
(/usr/share/texmf-dist/tex/latex/lm/lmodern.sty
Package: lmodern 2015/05/01 v1.6.1 Latin Modern Fonts
LaTeX Font Info:    Overwriting symbol font `operators' in version `normal'
(Font)                  OT1/cmr/m/n --> OT1/lmr/m/n on input line 22.
LaTeX Font Info:    Overwriting symbol font `letters' in version `normal'
(Font)                  OML/cmm/m/it --> OML/lmm/m/it on input line 23.
LaTeX Font Info:    Overwriting symbol font `symbols' in version `normal'
(Font)                  OMS/cmsy/m/n --> OMS/lmsy/m/n on input line 24.
LaTeX Font Info:    Overwriting symbol font `largesymbols' in version `normal'
(Font)                  OMX/cmex/m/n --> OMX/lmex/m/n on input line 25.
LaTeX Font Info:    Overwriting symbol font `operators' in version `bold'
(Font)                  OT1/cmr/bx/n --> OT1/lmr/bx/n on input line 26.
LaTeX Font Info:    Overwriting symbol font `letters' in version `bold'
(Font)                  OML/cmm/b/it --> OML/lmm/b/it on input line 27.
LaTeX Font Info:    Overwriting symbol font `symbols' in version `bold'
(Font)                  OMS/cmsy/b/n --> OMS/lmsy/b/n on input line 28.
LaTeX Font Info:    Overwriting symbol font `largesymbols' in version `bold'
(Font)                  OMX/cmex/m/n --> OMX/lmex/m/n on input line 29.
LaTeX Font Info:    Overwriting math alphabet `\mathbf' in version `normal'
(Font)                  OT1/cmr/bx/n --> OT1/lmr/bx/n on input line 31.
LaTeX Font Info:    Overwriting math alphabet `\mathsf' in version `normal'
(Font)                  OT1/cmss/m/n --> OT1/lmss/m/n on input line 32.
LaTeX Font Info:    Overwriting math alphabet `\mathit' in version `normal'
(Font)                  OT1/cmr/m/it --> OT1/lmr/m/it on input line 33.
LaTeX Font Info:    Overwriting math alphabet `\mathtt' in version `normal'
(Font)                  OT1/cmtt/m/n --> OT1/lmtt/m/n on input line 34.
LaTeX Font Info:    Overwriting math alphabet `\mathbf' in version `bold'
(Font)                  OT1/cmr/bx/n --> OT1/lmr/bx/n on input line 35.
LaTeX Font Info:    Overwriting math alphabet `\mathsf' in version `bold'
(Font)                  OT1/cmss/bx/n --> OT1/lmss/bx/n on input line 36.
LaTeX Font Info:    Overwriting math alphabet `\mathit' in version `bold'
(Font)                  OT1/cmr/bx/it --> OT1/lmr/bx/it on input line 37.
LaTeX Font Info:    Overwriting math alphabet `\mathtt' in version `bold'
(Font)                  OT1/cmtt/m/n --> OT1/lmtt/m/n on input line 38.
)
(/usr/share/texmf-dist/tex/latex/base/fontenc.sty
Package: fontenc 2021/04/29 v2.0v Standard LaTeX package
)
\binding=\skip54
\spinemargin=\skip55
\foremargin=\skip56
\uppermargin=\skip57
\lowermargin=\skip58
\headdrop=\skip59
\normalrulethickness=\skip60
\mem@maxheadheight=\skip61
\mem@maxfootheight=\skip62
\headwidth=\skip63
\c@storedpagenumber=\count186
\memPD=\dimen138
\m@mabparskip=\skip64
\thanksmarkwidth=\skip65
\thanksmarksep=\skip66
\droptitle=\skip67
\c@book=\count187
\c@part=\count188
\c@chapter=\count189
\c@section=\count190
\c@subsection=\count191
\c@subsubsection=\count192
\c@paragraph=\count193
\c@subparagraph=\count194
\beforechapskip=\skip68
\midchapskip=\skip69
\afterchapskip=\skip70
\chapindent=\skip71
\bottomsectionskip=\skip72
\secindent=\skip73
\beforesecskip=\skip74
\aftersecskip=\skip75
\subsecindent=\skip76
\beforesubsecskip=\skip77
\aftersubsecskip=\skip78
\subsubsecindent=\skip79
\beforesubsubsecskip=\skip80
\aftersubsubsecskip=\skip81
\paraindent=\skip82
\beforeparaskip=\skip83
\afterparaskip=\skip84
\subparaindent=\skip85
\beforesubparaskip=\skip86
\aftersubparaskip=\skip87
\pfbreakskip=\skip88
\c@@ppsavesec=\count195
\c@@ppsaveapp=\count196
\ragrparindent=\dimen139
\everylistparindent=\dimen140
\parsepi=\skip89
\topsepi=\skip90
\itemsepi=\skip91
\parsepii=\skip92
\topsepii=\skip93
\topsepiii=\skip94
\itemsepii=\skip95
\itemsepiii=\skip96
\partopsepii=\skip97
\partopsepiii=\skip98
\m@msavetopsep=\skip99
\m@msavepartopsep=\skip100
\@enLab=\toks16
\abstitleskip=\skip101
\absleftindent=\skip102
\abs@leftindent=\dimen141
\absrightindent=\skip103
\absparindent=\skip104
\absparsep=\skip105
\c@vslineno=\count197
\c@poemline=\count198
\c@modulo@vs=\count199
\c@memfvsline=\count266
\vleftskip=\skip106
\vrightskip=\skip107
\stanzaskip=\skip108
\versewidth=\skip109
\vgap=\skip110
\vindent=\skip111
\vleftmargin=\dimen142
\c@verse=\count267
\c@chrsinstr=\count268
\beforepoemtitleskip=\skip112
\afterpoemtitleskip=\skip113
\c@poem=\count269
\beforePoemTitleskip=\skip114
\midPoemTitleskip=\skip115
\afterPoemTitleskip=\skip116

(/usr/share/texmf-dist/tex/latex/tools/array.sty
Package: array 2021/10/04 v2.5f Tabular extension package (FMi)
\col@sep=\dimen143
\ar@mcellbox=\box50
\extrarowheight=\dimen144
\NC@list=\toks17
\extratabsurround=\skip117
\backup@length=\skip118
\ar@cellbox=\box51
)
(/usr/share/texmf-dist/tex/latex/tools/dcolumn.sty
Package: dcolumn 2014/10/28 v1.06 decimal alignment package (DPC)
)
(/usr/share/texmf-dist/tex/latex/tools/delarray.sty
Package: delarray 2014/10/28 v1.01 array delimiter package (DPC)
)
(/usr/share/texmf-dist/tex/latex/tools/tabularx.sty
Package: tabularx 2020/01/15 v2.11c `tabularx' package (DPC)
\TX@col@width=\dimen145
\TX@old@table=\dimen146
\TX@old@col=\dimen147
\TX@target=\dimen148
\TX@delta=\dimen149
\TX@cols=\count270
\TX@ftn=\toks18
)
\heavyrulewidth=\dimen150
\lightrulewidth=\dimen151
\cmidrulewidth=\dimen152
\belowrulesep=\dimen153
\belowbottomsep=\dimen154
\aboverulesep=\dimen155
\abovetopsep=\dimen156
\cmidrulesep=\dimen157
\cmidrulekern=\dimen158
\defaultaddspace=\dimen159
\@cmidla=\count271
\@cmidlb=\count272
\@aboverulesep=\dimen160
\@belowrulesep=\dimen161
\@thisruleclass=\count273
\@lastruleclass=\count274
\@thisrulewidth=\dimen162
\ctableftskip=\skip119
\ctabrightskip=\skip120
\abovecolumnspenalty=\count275
\@linestogo=\count276
\@cellstogo=\count277
\@cellsincolumn=\count278
\crtok=\toks19
\@mincolumnwidth=\dimen163
\c@newflo@tctr=\count279
\mem@margin@floatbox=\box52
\@contcwidth=\skip121
\@contindw=\skip122
\abovecaptionskip=\skip123
\belowcaptionskip=\skip124
\subfloattopskip=\skip125
\subfloatcapskip=\skip126
\subfloatcaptopadj=\skip127
\subfloatbottomskip=\skip128
\subfloatlabelskip=\skip129
\subfloatcapmargin=\dimen164
\c@@contsubnum=\count280
\m@mscap@capbox=\box53
\m@mscap@fbox=\box54
\sidecapsep=\dimen165
\sidecapwidth=\dimen166
\m@m@tempdima=\dimen167
\m@mscapraise=\dimen168
\sidecapraise=\dimen169
\m@mscapmainwidth=\dimen170
\m@mscaplkern=\dimen171
\beforeepigraphskip=\skip130
\afterepigraphskip=\skip131
\epigraphwidth=\skip132
\epigraphrule=\skip133
LaTeX Info: Redefining \em on input line 7655.
LaTeX Info: Redefining \emph on input line 7663.
\tocentryskip=\skip134
\tocbaseline=\skip135
\cftparskip=\skip136
\cftbeforebookskip=\skip137
\cftbookindent=\dimen172
\cftbooknumwidth=\dimen173
\cftbeforepartskip=\skip138
\cftpartindent=\skip139
\cftpartnumwidth=\skip140
\cftbeforechapterskip=\skip141
\cftchapterindent=\skip142
\cftchapternumwidth=\skip143
\cftbeforesectionskip=\skip144
\cftsectionindent=\skip145
\cftsectionnumwidth=\skip146
\cftbeforesubsectionskip=\skip147
\cftsubsectionindent=\skip148
\cftsubsectionnumwidth=\skip149
\cftbeforesubsubsectionskip=\skip150
\cftsubsubsectionindent=\skip151
\cftsubsubsectionnumwidth=\skip152
\cftbeforeparagraphskip=\skip153
\cftparagraphindent=\skip154
\cftparagraphnumwidth=\skip155
\cftbeforesubparagraphskip=\skip156
\cftsubparagraphindent=\skip157
\cftsubparagraphnumwidth=\skip158
\prechapterprecisshift=\dimen174
\c@maxsecnumdepth=\count281
\bibindent=\dimen175
\bibitemsep=\skip159
\indexcolsep=\skip160
\indexrule=\skip161
\indexmarkstyle=\toks20
\@indexbox=\insert252
\glossarycolsep=\dimen176
\glossaryrule=\dimen177
\sideparvshift=\skip162
\sideins=\insert251
\sidebartopsep=\skip163
\sidebarhsep=\skip164
\sidebarvsep=\skip165
\sidebarwidth=\skip166
\footmarkwidth=\skip167
\footmarksep=\skip168
\footparindent=\skip169
\footinsdim=\skip170
\footinsv@r=\insert250
\@mpfootinsv@r=\insert249
\m@m@k=\count282
\m@m@h=\dimen178
\m@mipn@skip=\skip171
\sidefootins=\insert248
\sidefootadjust=\skip172
\sidefootheight=\skip173
\sidefoothsep=\skip174
\sidefootvsep=\skip175
\sidefootwidth=\skip176
\m@mdownsf=\skip177
\c@sidefootnote=\count283
\sidefootmarkwidth=\skip178
\sidefootmarksep=\skip179
\sidefootparindent=\skip180
\c@pagenote=\count284
\c@pagenoteshadow=\count285
\mem@pn@lastkern=\skip181
\every@verbatim=\toks21
\afterevery@verbatim=\toks22
\verbatim@line=\toks23
\tab@position=\count286
\verbatim@in@stream=\read2
\verbatimindent=\skip182
\verbatim@out=\write3
\bvboxsep=\skip183
\c@memfbvline=\count287
\c@bvlinectr=\count288
\bvnumlength=\skip184
\fb@frw=\dimen179
\fb@frh=\dimen180
\FrameRule=\dimen181
\FrameSep=\dimen182
\c@cp@cntr=\count289
\c@ism@mctr=\count290
\c@xsm@mctr=\count291
\c@csm@mctr=\count292
\c@ksm@mctr=\count293
\c@xksm@mctr=\count294
\c@cksm@mctr=\count295
\c@msm@mctr=\count296
\c@xmsm@mctr=\count297
\c@cmsm@mctr=\count298
\c@bsm@mctr=\count299
\c@workm@mctr=\count300
\c@sheetsequence=\count301
\c@lastsheet=\count302
\c@lastpage=\count303

(/usr/share/texmf-dist/tex/latex/textcase/textcase.sty
Package: textcase 2019/09/14 v1.00 Text only upper/lower case changing (DPC)
)
\c@figure=\count304
\c@lofdepth=\count305
\cftbeforefigureskip=\skip185
\cftfigureindent=\skip186
\cftfigurenumwidth=\skip187
\c@table=\count306
\c@lotdepth=\count307
\cftbeforetableskip=\skip188
\cfttableindent=\skip189
\cfttablenumwidth=\skip190
Package abstract [2008/07/23] emulated by memoir.
Package appendix [2008/07/23] emulated by memoir.
Package booktabs [2016/05/16] emulated by memoir.
Package ccaption [2008/07/23] emulated by memoir.
Package changepage [2008/07/23] emulated by memoir.
Package chngcntr [2008/07/23] emulated by memoir.
Package chngpage [2008/07/23] emulated by memoir.
Package crop emulated by memoir.
Package enumerate [2008/07/23] emulated by memoir.
Package epigraph [2008/07/23] emulated by memoir.
Package ifmtarg [2008/07/23] emulated by memoir.
Package index [2008/07/23] emulated by memoir.
Package makeidx [2008/07/23] emulated by memoir.
Package moreverb [2008/07/23] emulated by memoir.
Package needspace [2008/07/23] emulated by memoir.
Package newfile [2008/07/23] emulated by memoir.
Package nextpage [2008/07/23] emulated by memoir.
Package pagenote [2008/07/23] emulated by memoir.
Package parskip [2008/07/23] emulated by memoir.
Package patchcmd [2008/07/23] emulated by memoir.
Package setspace [2008/07/23] emulated by memoir.
Package shortvrb [2008/07/23] emulated by memoir.
Package showidx [2008/07/23] emulated by memoir.
Package titleref [2008/07/23] emulated by memoir.
Package titling [2008/07/23] emulated by memoir.
Package tocbibind [2008/07/23] emulated by memoir.
Package tocloft [2008/07/23] emulated by memoir.
Package tocvsec2 [2008/07/23] emulated by memoir.
Package verbatim [2008/07/23] emulated by memoir.
Package verse [2008/07/23] emulated by memoir.
)
(./preamble/general.tex

******************************************************
Stock height and width: 711.3189pt by 500.7685pt
Top and edge trims: 0pt and 0pt
Page height and width: 711.3189pt by 500.7685pt
Text height and width: 526pt by 369pt
Spine and edge margins: 73.97716pt and 56.9055pt
Upper and lower margins: 99.58464pt and 85.73425pt
Headheight and headsep: 22.76219pt and 19.91692pt
Footskip: 28.45274pt
Columnsep and columnseprule: 10pt and 0pt
Marginparsep and marginparwidth: 5.69054pt and 45.52443pt
Sidecapsep and sidecapwidth: 7pt and 59pt
Sidebarhsep and sidebarwidth: 7pt and 59pt
Sidebarvsep and sidebartopsep: 12pt and 0pt
Sidebarheight: 464.39996pt
Sidefoothsep and sidefootwidth: 7pt and 59pt
Sidefootvsep and sidefootheight: 12pt and 464.39996pt
******************************************************

(/usr/share/texmf-dist/tex/latex/microtype/microtype.sty
Package: microtype 2022/03/14 v3.0d Micro-typographical refinements (RS)

(/usr/share/texmf-dist/tex/latex/graphics/keyval.sty
Package: keyval 2014/10/28 v1.15 key=value parser (DPC)
\KV@toks@=\toks24
)
\MT@toks=\toks25
\MT@tempbox=\box55
\MT@count=\count308
LaTeX Info: Redefining \noprotrusionifhmode on input line 1027.
LaTeX Info: Redefining \leftprotrusion on input line 1028.
LaTeX Info: Redefining \rightprotrusion on input line 1036.
LaTeX Info: Redefining \textls on input line 1195.
\MT@outer@kern=\dimen183
LaTeX Info: Redefining \textmicrotypecontext on input line 1781.
\MT@listname@count=\count309

(/usr/share/texmf-dist/tex/latex/microtype/microtype-xetex.def
File: microtype-xetex.def 2022/03/14 v3.0d Definitions specific to xetex (RS)
LaTeX Info: Redefining \lsstyle on input line 236.
)
Package microtype Info: Loading configuration file microtype.cfg.

(/usr/share/texmf-dist/tex/latex/microtype/microtype.cfg
File: microtype.cfg 2022/03/14 v3.0d microtype main configuration file (RS)
))
(/usr/share/texmf-dist/tex/latex/mathtools/mathtools.sty
Package: mathtools 2022/02/07 v1.28a mathematical typesetting tools

(/usr/share/texmf-dist/tex/latex/tools/calc.sty
Package: calc 2017/05/25 v4.3 Infix arithmetic (KKT,FJ)
\calc@Acount=\count310
\calc@Bcount=\count311
\calc@Adimen=\dimen184
\calc@Bdimen=\dimen185
\calc@Askip=\skip191
\calc@Bskip=\skip192
LaTeX Info: Redefining \setlength on input line 80.
LaTeX Info: Redefining \addtolength on input line 81.
\calc@Ccount=\count312
\calc@Cskip=\skip193
)
(/usr/share/texmf-dist/tex/latex/mathtools/mhsetup.sty
Package: mhsetup 2021/03/18 v1.4 programming setup (MH)
)
(/usr/share/texmf-dist/tex/latex/amsmath/amsmath.sty
Package: amsmath 2021/10/15 v2.17l AMS math features
\@mathmargin=\skip194

For additional information on amsmath, use the `?' option.
(/usr/share/texmf-dist/tex/latex/amsmath/amstext.sty
Package: amstext 2021/08/26 v2.01 AMS text

(/usr/share/texmf-dist/tex/latex/amsmath/amsgen.sty
File: amsgen.sty 1999/11/30 v2.0 generic functions
\@emptytoks=\toks26
\ex@=\dimen186
))
(/usr/share/texmf-dist/tex/latex/amsmath/amsbsy.sty
Package: amsbsy 1999/11/29 v1.2d Bold Symbols
\pmbraise@=\dimen187
)
(/usr/share/texmf-dist/tex/latex/amsmath/amsopn.sty
Package: amsopn 2021/08/26 v2.02 operator names
)
\inf@bad=\count313
LaTeX Info: Redefining \frac on input line 234.
\uproot@=\count314
\leftroot@=\count315
LaTeX Info: Redefining \overline on input line 399.
\classnum@=\count316
\DOTSCASE@=\count317
LaTeX Info: Redefining \ldots on input line 496.
LaTeX Info: Redefining \dots on input line 499.
LaTeX Info: Redefining \cdots on input line 620.
\Mathstrutbox@=\box56
\strutbox@=\box57
\big@size=\dimen188
LaTeX Font Info:    Redeclaring font encoding OML on input line 743.
LaTeX Font Info:    Redeclaring font encoding OMS on input line 744.
\macc@depth=\count318
\c@MaxMatrixCols=\count319
\dotsspace@=\muskip16
\c@parentequation=\count320
\dspbrk@lvl=\count321
\tag@help=\toks27
\row@=\count322
\column@=\count323
\maxfields@=\count324
\andhelp@=\toks28
\eqnshift@=\dimen189
\alignsep@=\dimen190
\tagshift@=\dimen191
\tagwidth@=\dimen192
\totwidth@=\dimen193
\lineht@=\dimen194
\@envbody=\toks29
\multlinegap=\skip195
\multlinetaggap=\skip196
\mathdisplay@stack=\toks30
LaTeX Info: Redefining \[ on input line 2938.
LaTeX Info: Redefining \] on input line 2939.
)
\g_MT_multlinerow_int=\count325
\l_MT_multwidth_dim=\dimen195
\origjot=\skip197
\l_MT_shortvdotswithinadjustabove_dim=\dimen196
\l_MT_shortvdotswithinadjustbelow_dim=\dimen197
\l_MT_above_intertext_sep=\dimen198
\l_MT_below_intertext_sep=\dimen199
\l_MT_above_shortintertext_sep=\dimen256
\l_MT_below_shortintertext_sep=\dimen257
\xmathstrut@box=\box58
\xmathstrut@dim=\dimen258
)
(/usr/share/texmf-dist/tex/latex/listings/listings.sty
\lst@mode=\count326
\lst@gtempboxa=\box59
\lst@token=\toks31
\lst@length=\count327
\lst@currlwidth=\dimen259
\lst@column=\count328
\lst@pos=\count329
\lst@lostspace=\dimen260
\lst@width=\dimen261
\lst@newlines=\count330
\lst@lineno=\count331
\lst@maxwidth=\dimen262

(/usr/share/texmf-dist/tex/latex/listings/lstmisc.sty
File: lstmisc.sty 2020/03/24 1.8d (Carsten Heinz)
\c@lstnumber=\count332
\lst@skipnumbers=\count333
\lst@framebox=\box60
)
(/usr/share/texmf-dist/tex/latex/listings/listings.cfg
File: listings.cfg 2020/03/24 1.8d listings configuration
))
Package: listings 2020/03/24 1.8d (Carsten Heinz)

(/usr/share/texmf-dist/tex/latex/pgf/frontendlayer/tikz.sty
(/usr/share/texmf-dist/tex/latex/pgf/basiclayer/pgf.sty
(/usr/share/texmf-dist/tex/latex/pgf/utilities/pgfrcs.sty
(/usr/share/texmf-dist/tex/generic/pgf/utilities/pgfutil-common.tex
\pgfutil@everybye=\toks32
\pgfutil@tempdima=\dimen263
\pgfutil@tempdimb=\dimen264

(/usr/share/texmf-dist/tex/generic/pgf/utilities/pgfutil-common-lists.tex))
(/usr/share/texmf-dist/tex/generic/pgf/utilities/pgfutil-latex.def
\pgfutil@abb=\box61
)
(/usr/share/texmf-dist/tex/generic/pgf/utilities/pgfrcs.code.tex
(/usr/share/texmf-dist/tex/generic/pgf/pgf.revision.tex)
Package: pgfrcs 2021/05/15 v3.1.9a (3.1.9a)
))
Package: pgf 2021/05/15 v3.1.9a (3.1.9a)

(/usr/share/texmf-dist/tex/latex/pgf/basiclayer/pgfcore.sty
(/usr/share/texmf-dist/tex/latex/graphics/graphicx.sty
Package: graphicx 2021/09/16 v1.2d Enhanced LaTeX Graphics (DPC,SPQR)

(/usr/share/texmf-dist/tex/latex/graphics/graphics.sty
Package: graphics 2021/03/04 v1.4d Standard LaTeX Graphics (DPC,SPQR)

(/usr/share/texmf-dist/tex/latex/graphics/trig.sty
Package: trig 2021/08/11 v1.11 sin cos tan (DPC)
)
(/usr/share/texmf-dist/tex/latex/graphics-cfg/graphics.cfg
File: graphics.cfg 2016/06/04 v1.11 sample graphics configuration
)
Package graphics Info: Driver file: xetex.def on input line 107.

(/usr/share/texmf-dist/tex/latex/graphics-def/xetex.def
File: xetex.def 2022/04/12 v5.0l Graphics/color driver for xetex
))
\Gin@req@height=\dimen265
\Gin@req@width=\dimen266
)
(/usr/share/texmf-dist/tex/latex/pgf/systemlayer/pgfsys.sty
(/usr/share/texmf-dist/tex/generic/pgf/systemlayer/pgfsys.code.tex
Package: pgfsys 2021/05/15 v3.1.9a (3.1.9a)

(/usr/share/texmf-dist/tex/generic/pgf/utilities/pgfkeys.code.tex
\pgfkeys@pathtoks=\toks33
\pgfkeys@temptoks=\toks34

(/usr/share/texmf-dist/tex/generic/pgf/utilities/pgfkeysfiltered.code.tex
\pgfkeys@tmptoks=\toks35
))
\pgf@x=\dimen267
\pgf@y=\dimen268
\pgf@xa=\dimen269
\pgf@ya=\dimen270
\pgf@xb=\dimen271
\pgf@yb=\dimen272
\pgf@xc=\dimen273
\pgf@yc=\dimen274
\pgf@xd=\dimen275
\pgf@yd=\dimen276
\w@pgf@writea=\write4
\r@pgf@reada=\read3
\c@pgf@counta=\count334
\c@pgf@countb=\count335
\c@pgf@countc=\count336
\c@pgf@countd=\count337
\t@pgf@toka=\toks36
\t@pgf@tokb=\toks37
\t@pgf@tokc=\toks38
\pgf@sys@id@count=\count338

(/usr/share/texmf-dist/tex/generic/pgf/systemlayer/pgf.cfg
File: pgf.cfg 2021/05/15 v3.1.9a (3.1.9a)
)
Driver file for pgf: pgfsys-xetex.def

(/usr/share/texmf-dist/tex/generic/pgf/systemlayer/pgfsys-xetex.def
File: pgfsys-xetex.def 2021/05/15 v3.1.9a (3.1.9a)

(/usr/share/texmf-dist/tex/generic/pgf/systemlayer/pgfsys-dvipdfmx.def
File: pgfsys-dvipdfmx.def 2021/05/15 v3.1.9a (3.1.9a)

(/usr/share/texmf-dist/tex/generic/pgf/systemlayer/pgfsys-common-pdf.def
File: pgfsys-common-pdf.def 2021/05/15 v3.1.9a (3.1.9a)
)
\pgfsys@objnum=\count339
)))
(/usr/share/texmf-dist/tex/generic/pgf/systemlayer/pgfsyssoftpath.code.tex
File: pgfsyssoftpath.code.tex 2021/05/15 v3.1.9a (3.1.9a)
\pgfsyssoftpath@smallbuffer@items=\count340
\pgfsyssoftpath@bigbuffer@items=\count341
)
(/usr/share/texmf-dist/tex/generic/pgf/systemlayer/pgfsysprotocol.code.tex
File: pgfsysprotocol.code.tex 2021/05/15 v3.1.9a (3.1.9a)
))
(/usr/share/texmf-dist/tex/latex/xcolor/xcolor.sty
Package: xcolor 2021/10/31 v2.13 LaTeX color extensions (UK)

(/usr/share/texmf-dist/tex/latex/graphics-cfg/color.cfg
File: color.cfg 2016/01/02 v1.6 sample color configuration
)
Package xcolor Info: Driver file: xetex.def on input line 227.
Package xcolor Info: Model `cmy' substituted by `cmy0' on input line 1352.
Package xcolor Info: Model `RGB' extended on input line 1368.
Package xcolor Info: Model `HTML' substituted by `rgb' on input line 1370.
Package xcolor Info: Model `Hsb' substituted by `hsb' on input line 1371.
Package xcolor Info: Model `tHsb' substituted by `hsb' on input line 1372.
Package xcolor Info: Model `HSB' substituted by `hsb' on input line 1373.
Package xcolor Info: Model `Gray' substituted by `gray' on input line 1374.
Package xcolor Info: Model `wave' substituted by `hsb' on input line 1375.
)
(/usr/share/texmf-dist/tex/generic/pgf/basiclayer/pgfcore.code.tex
Package: pgfcore 2021/05/15 v3.1.9a (3.1.9a)

(/usr/share/texmf-dist/tex/generic/pgf/math/pgfmath.code.tex
(/usr/share/texmf-dist/tex/generic/pgf/math/pgfmathcalc.code.tex
(/usr/share/texmf-dist/tex/generic/pgf/math/pgfmathutil.code.tex)
(/usr/share/texmf-dist/tex/generic/pgf/math/pgfmathparser.code.tex
\pgfmath@dimen=\dimen277
\pgfmath@count=\count342
\pgfmath@box=\box62
\pgfmath@toks=\toks39
\pgfmath@stack@operand=\toks40
\pgfmath@stack@operation=\toks41
)
(/usr/share/texmf-dist/tex/generic/pgf/math/pgfmathfunctions.code.tex
(/usr/share/texmf-dist/tex/generic/pgf/math/pgfmathfunctions.basic.code.tex)
(/usr/share/texmf-dist/tex/generic/pgf/math/pgfmathfunctions.trigonometric.code
.tex)
(/usr/share/texmf-dist/tex/generic/pgf/math/pgfmathfunctions.random.code.tex)
(/usr/share/texmf-dist/tex/generic/pgf/math/pgfmathfunctions.comparison.code.te
x) (/usr/share/texmf-dist/tex/generic/pgf/math/pgfmathfunctions.base.code.tex)
(/usr/share/texmf-dist/tex/generic/pgf/math/pgfmathfunctions.round.code.tex)
(/usr/share/texmf-dist/tex/generic/pgf/math/pgfmathfunctions.misc.code.tex)
(/usr/share/texmf-dist/tex/generic/pgf/math/pgfmathfunctions.integerarithmetics
.code.tex))) (/usr/share/texmf-dist/tex/generic/pgf/math/pgfmathfloat.code.tex
\c@pgfmathroundto@lastzeros=\count343
)) (/usr/share/texmf-dist/tex/generic/pgf/math/pgfint.code.tex)
(/usr/share/texmf-dist/tex/generic/pgf/basiclayer/pgfcorepoints.code.tex
File: pgfcorepoints.code.tex 2021/05/15 v3.1.9a (3.1.9a)
\pgf@picminx=\dimen278
\pgf@picmaxx=\dimen279
\pgf@picminy=\dimen280
\pgf@picmaxy=\dimen281
\pgf@pathminx=\dimen282
\pgf@pathmaxx=\dimen283
\pgf@pathminy=\dimen284
\pgf@pathmaxy=\dimen285
\pgf@xx=\dimen286
\pgf@xy=\dimen287
\pgf@yx=\dimen288
\pgf@yy=\dimen289
\pgf@zx=\dimen290
\pgf@zy=\dimen291
)
(/usr/share/texmf-dist/tex/generic/pgf/basiclayer/pgfcorepathconstruct.code.tex
File: pgfcorepathconstruct.code.tex 2021/05/15 v3.1.9a (3.1.9a)
\pgf@path@lastx=\dimen292
\pgf@path@lasty=\dimen293
) (/usr/share/texmf-dist/tex/generic/pgf/basiclayer/pgfcorepathusage.code.tex
File: pgfcorepathusage.code.tex 2021/05/15 v3.1.9a (3.1.9a)
\pgf@shorten@end@additional=\dimen294
\pgf@shorten@start@additional=\dimen295
)
(/usr/share/texmf-dist/tex/generic/pgf/basiclayer/pgfcorescopes.code.tex
File: pgfcorescopes.code.tex 2021/05/15 v3.1.9a (3.1.9a)
\pgfpic=\box63
\pgf@hbox=\box64
\pgf@layerbox@main=\box65
\pgf@picture@serial@count=\count344
)
(/usr/share/texmf-dist/tex/generic/pgf/basiclayer/pgfcoregraphicstate.code.tex
File: pgfcoregraphicstate.code.tex 2021/05/15 v3.1.9a (3.1.9a)
\pgflinewidth=\dimen296
)
(/usr/share/texmf-dist/tex/generic/pgf/basiclayer/pgfcoretransformations.code.t
ex
File: pgfcoretransformations.code.tex 2021/05/15 v3.1.9a (3.1.9a)
\pgf@pt@x=\dimen297
\pgf@pt@y=\dimen298
\pgf@pt@temp=\dimen299
) (/usr/share/texmf-dist/tex/generic/pgf/basiclayer/pgfcorequick.code.tex
File: pgfcorequick.code.tex 2021/05/15 v3.1.9a (3.1.9a)
)
(/usr/share/texmf-dist/tex/generic/pgf/basiclayer/pgfcoreobjects.code.tex
File: pgfcoreobjects.code.tex 2021/05/15 v3.1.9a (3.1.9a)
)
(/usr/share/texmf-dist/tex/generic/pgf/basiclayer/pgfcorepathprocessing.code.te
x
File: pgfcorepathprocessing.code.tex 2021/05/15 v3.1.9a (3.1.9a)
) (/usr/share/texmf-dist/tex/generic/pgf/basiclayer/pgfcorearrows.code.tex
File: pgfcorearrows.code.tex 2021/05/15 v3.1.9a (3.1.9a)
\pgfarrowsep=\dimen300
)
(/usr/share/texmf-dist/tex/generic/pgf/basiclayer/pgfcoreshade.code.tex
File: pgfcoreshade.code.tex 2021/05/15 v3.1.9a (3.1.9a)
\pgf@max=\dimen301
\pgf@sys@shading@range@num=\count345
\pgf@shadingcount=\count346
)
(/usr/share/texmf-dist/tex/generic/pgf/basiclayer/pgfcoreimage.code.tex
File: pgfcoreimage.code.tex 2021/05/15 v3.1.9a (3.1.9a)

(/usr/share/texmf-dist/tex/generic/pgf/basiclayer/pgfcoreexternal.code.tex
File: pgfcoreexternal.code.tex 2021/05/15 v3.1.9a (3.1.9a)
\pgfexternal@startupbox=\box66
))
(/usr/share/texmf-dist/tex/generic/pgf/basiclayer/pgfcorelayers.code.tex
File: pgfcorelayers.code.tex 2021/05/15 v3.1.9a (3.1.9a)
)
(/usr/share/texmf-dist/tex/generic/pgf/basiclayer/pgfcoretransparency.code.tex
File: pgfcoretransparency.code.tex 2021/05/15 v3.1.9a (3.1.9a)
) (/usr/share/texmf-dist/tex/generic/pgf/basiclayer/pgfcorepatterns.code.tex
File: pgfcorepatterns.code.tex 2021/05/15 v3.1.9a (3.1.9a)
)
(/usr/share/texmf-dist/tex/generic/pgf/basiclayer/pgfcorerdf.code.tex
File: pgfcorerdf.code.tex 2021/05/15 v3.1.9a (3.1.9a)
)))
(/usr/share/texmf-dist/tex/generic/pgf/modules/pgfmoduleshapes.code.tex
File: pgfmoduleshapes.code.tex 2021/05/15 v3.1.9a (3.1.9a)
\pgfnodeparttextbox=\box67
)
(/usr/share/texmf-dist/tex/generic/pgf/modules/pgfmoduleplot.code.tex
File: pgfmoduleplot.code.tex 2021/05/15 v3.1.9a (3.1.9a)
)
(/usr/share/texmf-dist/tex/latex/pgf/compatibility/pgfcomp-version-0-65.sty
Package: pgfcomp-version-0-65 2021/05/15 v3.1.9a (3.1.9a)
\pgf@nodesepstart=\dimen302
\pgf@nodesepend=\dimen303
)
(/usr/share/texmf-dist/tex/latex/pgf/compatibility/pgfcomp-version-1-18.sty
Package: pgfcomp-version-1-18 2021/05/15 v3.1.9a (3.1.9a)
))
(/usr/share/texmf-dist/tex/latex/pgf/utilities/pgffor.sty
(/usr/share/texmf-dist/tex/latex/pgf/utilities/pgfkeys.sty
(/usr/share/texmf-dist/tex/generic/pgf/utilities/pgfkeys.code.tex))
(/usr/share/texmf-dist/tex/latex/pgf/math/pgfmath.sty
(/usr/share/texmf-dist/tex/generic/pgf/math/pgfmath.code.tex))
(/usr/share/texmf-dist/tex/generic/pgf/utilities/pgffor.code.tex
Package: pgffor 2021/05/15 v3.1.9a (3.1.9a)

(/usr/share/texmf-dist/tex/generic/pgf/math/pgfmath.code.tex)
\pgffor@iter=\dimen304
\pgffor@skip=\dimen305
\pgffor@stack=\toks42
\pgffor@toks=\toks43
))
(/usr/share/texmf-dist/tex/generic/pgf/frontendlayer/tikz/tikz.code.tex
Package: tikz 2021/05/15 v3.1.9a (3.1.9a)

(/usr/share/texmf-dist/tex/generic/pgf/libraries/pgflibraryplothandlers.code.te
x
File: pgflibraryplothandlers.code.tex 2021/05/15 v3.1.9a (3.1.9a)
\pgf@plot@mark@count=\count347
\pgfplotmarksize=\dimen306
)
\tikz@lastx=\dimen307
\tikz@lasty=\dimen308
\tikz@lastxsaved=\dimen309
\tikz@lastysaved=\dimen310
\tikz@lastmovetox=\dimen311
\tikz@lastmovetoy=\dimen312
\tikzleveldistance=\dimen313
\tikzsiblingdistance=\dimen314
\tikz@figbox=\box68
\tikz@figbox@bg=\box69
\tikz@tempbox=\box70
\tikz@tempbox@bg=\box71
\tikztreelevel=\count348
\tikznumberofchildren=\count349
\tikznumberofcurrentchild=\count350
\tikz@fig@count=\count351
 (/usr/share/texmf-dist/tex/generic/pgf/modules/pgfmodulematrix.code.tex
File: pgfmodulematrix.code.tex 2021/05/15 v3.1.9a (3.1.9a)
\pgfmatrixcurrentrow=\count352
\pgfmatrixcurrentcolumn=\count353
\pgf@matrix@numberofcolumns=\count354
)
\tikz@expandcount=\count355

(/usr/share/texmf-dist/tex/generic/pgf/frontendlayer/tikz/libraries/tikzlibrary
topaths.code.tex
File: tikzlibrarytopaths.code.tex 2021/05/15 v3.1.9a (3.1.9a)
))) (/usr/share/texmf-dist/tex/latex/url/url.sty
\Urlmuskip=\muskip17
Package: url 2013/09/16  ver 3.4  Verb mode for urls, etc.
)
(/usr/share/texmf-dist/tex/latex/hyperref/hyperref.sty
Package: hyperref 2022-02-21 v7.00n Hypertext links for LaTeX

(/usr/share/texmf-dist/tex/generic/ltxcmds/ltxcmds.sty
Package: ltxcmds 2020-05-10 v1.25 LaTeX kernel commands for general use (HO)
)
(/usr/share/texmf-dist/tex/generic/pdftexcmds/pdftexcmds.sty
Package: pdftexcmds 2020-06-27 v0.33 Utility functions of pdfTeX for LuaTeX (HO
)

(/usr/share/texmf-dist/tex/generic/infwarerr/infwarerr.sty
Package: infwarerr 2019/12/03 v1.5 Providing info/warning/error messages (HO)
)
Package pdftexcmds Info: \pdf@primitive is available.
Package pdftexcmds Info: \pdf@ifprimitive is available.
Package pdftexcmds Info: \pdfdraftmode not found.
)
(/usr/share/texmf-dist/tex/generic/kvsetkeys/kvsetkeys.sty
Package: kvsetkeys 2019/12/15 v1.18 Key value parser (HO)
)
(/usr/share/texmf-dist/tex/generic/kvdefinekeys/kvdefinekeys.sty
Package: kvdefinekeys 2019-12-19 v1.6 Define keys (HO)
)
(/usr/share/texmf-dist/tex/generic/pdfescape/pdfescape.sty
Package: pdfescape 2019/12/09 v1.15 Implements pdfTeX's escape features (HO)
)
(/usr/share/texmf-dist/tex/latex/hycolor/hycolor.sty
Package: hycolor 2020-01-27 v1.10 Color options for hyperref/bookmark (HO)
)
(/usr/share/texmf-dist/tex/latex/letltxmacro/letltxmacro.sty
Package: letltxmacro 2019/12/03 v1.6 Let assignment for LaTeX macros (HO)
)
(/usr/share/texmf-dist/tex/latex/auxhook/auxhook.sty
Package: auxhook 2019-12-17 v1.6 Hooks for auxiliary files (HO)
)
(/usr/share/texmf-dist/tex/latex/kvoptions/kvoptions.sty
Package: kvoptions 2020-10-07 v3.14 Key value format for package options (HO)
)
\@linkdim=\dimen315
\Hy@linkcounter=\count356
\Hy@pagecounter=\count357

(/usr/share/texmf-dist/tex/latex/hyperref/pd1enc.def
File: pd1enc.def 2022-02-21 v7.00n Hyperref: PDFDocEncoding definition (HO)
)
(/usr/share/texmf-dist/tex/generic/intcalc/intcalc.sty
Package: intcalc 2019/12/15 v1.3 Expandable calculations with integers (HO)
)
(/usr/share/texmf-dist/tex/generic/etexcmds/etexcmds.sty
Package: etexcmds 2019/12/15 v1.7 Avoid name clashes with e-TeX commands (HO)
)
\Hy@SavedSpaceFactor=\count358

(/usr/share/texmf-dist/tex/latex/hyperref/puenc.def
File: puenc.def 2022-02-21 v7.00n Hyperref: PDF Unicode definition (HO)
)
Package hyperref Info: Option `unicode' set `false' on input line 4018.
Package hyperref Info: Option `psdextra' set `true' on input line 4018.

(/usr/share/texmf-dist/tex/latex/hyperref/puenc-greekbasic.def
File: puenc-greekbasic.def 2022-02-21 v7.00n Hyperref: PDF Unicode definition (
greek block) (HO)
)
(/usr/share/texmf-dist/tex/latex/hyperref/psdextra.def
File: psdextra.def 2022-02-21 v7.00n Hyperref: Additions to PDF string support
)
Package hyperref Info: Hyper figures OFF on input line 4137.
Package hyperref Info: Link nesting OFF on input line 4142.
Package hyperref Info: Hyper index ON on input line 4145.
Package hyperref Info: Plain pages OFF on input line 4152.
Package hyperref Info: Backreferencing OFF on input line 4157.
Package hyperref Info: Implicit mode ON; LaTeX internals redefined.
Package hyperref Info: Bookmarks ON on input line 4390.
\c@Hy@tempcnt=\count359
LaTeX Info: Redefining \url on input line 4749.
\XeTeXLinkMargin=\dimen316

(/usr/share/texmf-dist/tex/generic/bitset/bitset.sty
Package: bitset 2019/12/09 v1.3 Handle bit-vector datatype (HO)

(/usr/share/texmf-dist/tex/generic/bigintcalc/bigintcalc.sty
Package: bigintcalc 2019/12/15 v1.5 Expandable calculations on big integers (HO
)
))
\Fld@menulength=\count360
\Field@Width=\dimen317
\Fld@charsize=\dimen318
Package hyperref Info: Hyper figures OFF on input line 6027.
Package hyperref Info: Link nesting OFF on input line 6032.
Package hyperref Info: Hyper index ON on input line 6035.
Package hyperref Info: backreferencing OFF on input line 6042.
Package hyperref Info: Link coloring OFF on input line 6047.
Package hyperref Info: Link coloring with OCG OFF on input line 6052.
Package hyperref Info: PDF/A mode OFF on input line 6057.
LaTeX Info: Redefining \ref on input line 6097.
LaTeX Info: Redefining \pageref on input line 6101.

(/usr/share/texmf-dist/tex/latex/base/atbegshi-ltx.sty
Package: atbegshi-ltx 2021/01/10 v1.0c Emulation of the original atbegshi
package with kernel methods
)
\Hy@abspage=\count361
\c@Item=\count362
\c@Hfootnote=\count363
)
(/usr/share/texmf-dist/tex/latex/memoir/memhfixc.sty
Package: memhfixc 2021/06/16 v1.19 nameref/hyperref package fixes for memoir cl
ass
\c@memhycontfloat=\count364
\c@Hpagenote=\count365
)
Package hyperref Info: Driver (autodetected): hxetex.

(/usr/share/texmf-dist/tex/latex/hyperref/hxetex.def
File: hxetex.def 2022-02-21 v7.00n Hyperref driver for XeTeX

(/usr/share/texmf-dist/tex/generic/stringenc/stringenc.sty
Package: stringenc 2019/11/29 v1.12 Convert strings between diff. encodings (HO
)
)
\pdfm@box=\box72
\c@Hy@AnnotLevel=\count366
\HyField@AnnotCount=\count367
\Fld@listcount=\count368
\c@bookmark@seq@number=\count369

(/usr/share/texmf-dist/tex/latex/rerunfilecheck/rerunfilecheck.sty
Package: rerunfilecheck 2019/12/05 v1.9 Rerun checks for auxiliary files (HO)

(/usr/share/texmf-dist/tex/latex/base/atveryend-ltx.sty
Package: atveryend-ltx 2020/08/19 v1.0a Emulation of the original atveryend pac
kage
with kernel methods
)
(/usr/share/texmf-dist/tex/generic/uniquecounter/uniquecounter.sty
Package: uniquecounter 2019/12/15 v1.4 Provide unlimited unique counter (HO)
)
Package uniquecounter Info: New unique counter `rerunfilecheck' on input line 2
86.
)
\Hy@SectionHShift=\skip198
)
(/usr/share/texmf-dist/tex/latex/eso-pic/eso-pic.sty
Package: eso-pic 2020/10/14 v3.0a eso-pic (RN)
\ESO@tempdima=\dimen319
\ESO@tempdimb=\dimen320
) (./preamble/dtucolors.sty) (/usr/share/texmf-dist/tex/latex/polyglossia/polyg
lossia.sty
Package: polyglossia 2022/04/10 v1.55a Modern multilingual typesetting with XeL
aTeX and LuaLaTeX

(/usr/share/texmf-dist/tex/latex/makecmds/makecmds.sty
Package: makecmds 2009/09/03 v1.0a extra command making commands
)
(/usr/share/texmf-dist/tex/latex/xkeyval/xkeyval.sty
Package: xkeyval 2020/11/20 v2.8 package option processing (HA)

(/usr/share/texmf-dist/tex/generic/xkeyval/xkeyval.tex
(/usr/share/texmf-dist/tex/generic/xkeyval/xkvutils.tex
\XKV@toks=\toks44
\XKV@tempa@toks=\toks45
)
\XKV@depth=\count370
File: xkeyval.tex 2014/12/03 v2.7a key=value parser (HA)
))
(/usr/share/texmf-dist/tex/latex/fontspec/fontspec.sty
(/usr/share/texmf-dist/tex/latex/l3packages/xparse/xparse.sty
(/usr/share/texmf-dist/tex/latex/l3kernel/expl3.sty
Package: expl3 2022-04-10 L3 programming layer (loader) 

(/usr/share/texmf-dist/tex/latex/l3backend/l3backend-xetex.def
File: l3backend-xetex.def 2022-04-14 L3 backend support: XeTeX
\l__color_backend_stack_int=\count371
\g__color_backend_stack_int=\count372
\g__graphics_track_int=\count373
\l__pdf_internal_box=\box73
\g__pdf_backend_object_int=\count374
\g__pdf_backend_annotation_int=\count375
\g__pdf_backend_link_int=\count376
))
Package: xparse 2022-01-12 L3 Experimental document command parser
)
Package: fontspec 2022/01/15 v2.8a Font selection for XeLaTeX and LuaLaTeX

(/usr/share/texmf-dist/tex/latex/fontspec/fontspec-xetex.sty
Package: fontspec-xetex 2022/01/15 v2.8a Font selection for XeLaTeX and LuaLaTe
X
\l__fontspec_script_int=\count377
\l__fontspec_language_int=\count378
\l__fontspec_strnum_int=\count379
\l__fontspec_tmp_int=\count380
\l__fontspec_tmpa_int=\count381
\l__fontspec_tmpb_int=\count382
\l__fontspec_tmpc_int=\count383
\l__fontspec_em_int=\count384
\l__fontspec_emdef_int=\count385
\l__fontspec_strong_int=\count386
\l__fontspec_strongdef_int=\count387
\l__fontspec_tmpa_dim=\dimen321
\l__fontspec_tmpb_dim=\dimen322
\l__fontspec_tmpc_dim=\dimen323

(/usr/share/texmf-dist/tex/latex/base/fontenc.sty
Package: fontenc 2021/04/29 v2.0v Standard LaTeX package
)
(/usr/share/texmf-dist/tex/latex/fontspec/fontspec.cfg)))
(/usr/share/texmf-dist/tex/latex/l3packages/l3keys2e/l3keys2e.sty
Package: l3keys2e 2022-01-12 LaTeX2e option processing using LaTeX3 keys
)
\xpg@normalclass=\XeTeXcharclass1

(/usr/share/texmf-dist/tex/latex/polyglossia/gloss-latex.lde
Package: gloss-latex 2021/07/10 vv1.53 polyglossia: module for default language

The property list \polyglossia@langsetup contains the pairs (without outer
braces):
>  {latex/script}  =>  {latin}
>  {latex/lcscript}  =>  {latin}
>  {latex/scripttag}  =>  {}
>  {latex/language}  =>  {Latex}
>  {latex/langtag}  =>  {ENG}
>  {latex/bcp47}  =>  {}
>  {latex/hyphennames}  =>  {english}
>  {latex/direction}  =>  {LR}
>  {latex/hyphenmins}  =>  {2,3}
>  {latex/frenchspacing}  =>  {false}
>  {latex/indentfirst}  =>  {false}
>  {latex/fontsetup}  =>  {true}
>  {latex/envname}  =>  {latex}
>  {latex/babelname}  =>  {latex}
>  {latex/localnumeral}  =>  {polyglossia@C@localnumeral}
>  {latex/Localnumeral}  =>  {polyglossia@C@localnumeral}
>  {latex/DefineCommandsCmd}  =>  {use_none:n}.
)
Package polyglossia Info: Default language is latex.
)
(/usr/share/texmf-dist/tex/latex/polyglossia/gloss-english.ldf
File: gloss-english.ldf polyglossia: module for english
The property list \polyglossia@langsetup contains the pairs (without outer
braces):
>  {latex/script}  =>  {latin}
>  {latex/lcscript}  =>  {latin}
>  {latex/scripttag}  =>  {}
>  {latex/language}  =>  {Latex}
>  {latex/langtag}  =>  {ENG}
>  {latex/bcp47}  =>  {}
>  {latex/hyphennames}  =>  {english}
>  {latex/direction}  =>  {LR}
>  {latex/hyphenmins}  =>  {2,3}
>  {latex/frenchspacing}  =>  {false}
>  {latex/indentfirst}  =>  {false}
>  {latex/fontsetup}  =>  {true}
>  {latex/envname}  =>  {latex}
>  {latex/babelname}  =>  {latex}
>  {latex/localnumeral}  =>  {polyglossia@C@localnumeral}
>  {latex/Localnumeral}  =>  {polyglossia@C@localnumeral}
>  {latex/DefineCommandsCmd}  =>  {use_none:n}
>  {english/script}  =>  {latin}
>  {english/lcscript}  =>  {latin}
>  {english/scripttag}  =>  {}
>  {english/language}  =>  {English}
>  {english/langtag}  =>  {ENG}
>  {english/bcp47}  =>  {en-US}
>  {english/hyphennames}  =>  {english,american,usenglish,USenglish}
>  {english/direction}  =>  {LR}
>  {english/hyphenmins}  =>  {2,3}
>  {english/frenchspacing}  =>  {false}
>  {english/indentfirst}  =>  {false}
>  {english/fontsetup}  =>  {true}
>  {english/envname}  =>  {english}
>  {english/babelname}  =>  {english}
>  {english/localnumeral}  =>  {polyglossia@C@localnumeral}
>  {english/Localnumeral}  =>  {polyglossia@C@localnumeral}
>  {english/DefineCommandsCmd}  =>  {xpg_define_language_commands:e}.
Package polyglossia Info: Option: English, variant=american.
)
Package polyglossia Info: Default language is english.

(/usr/share/texmf-dist/tex/latex/csquotes/csquotes.sty
Package: csquotes 2021-02-22 v5.2l context-sensitive quotations (JAW)
\csq@reset=\count388
\csq@gtype=\count389
\csq@glevel=\count390
\csq@qlevel=\count391
\csq@maxlvl=\count392
\csq@tshold=\count393
\csq@ltx@everypar=\toks46

(/usr/share/texmf-dist/tex/latex/csquotes/csquotes.def
File: csquotes.def 2021-02-22 v5.2l csquotes generic definitions (JAW)
)
Package csquotes Info: Trying to load configuration file 'csquotes.cfg'...
Package csquotes Info: ... configuration file loaded successfully.

(/usr/share/texmf-dist/tex/latex/csquotes/csquotes.cfg
File: csquotes.cfg 
))
(/usr/share/texmf-dist/tex/latex/biblatex/biblatex.sty
Package: biblatex 2022/02/02 v3.17 programmable bibliographies (PK/MW)

(/usr/share/texmf-dist/tex/latex/logreq/logreq.sty
Package: logreq 2010/08/04 v1.0 xml request logger
\lrq@indent=\count394

(/usr/share/texmf-dist/tex/latex/logreq/logreq.def
File: logreq.def 2010/08/04 v1.0 logreq spec v1.0
))
(/usr/share/texmf-dist/tex/latex/base/ifthen.sty
Package: ifthen 2020/11/24 v1.1c Standard LaTeX ifthen package (DPC)
)
\c@tabx@nest=\count395
\c@listtotal=\count396
\c@listcount=\count397
\c@liststart=\count398
\c@liststop=\count399
\c@citecount=\count400
\c@citetotal=\count401
\c@multicitecount=\count402
\c@multicitetotal=\count403
\c@instcount=\count404
\c@maxnames=\count405
\c@minnames=\count406
\c@maxitems=\count407
\c@minitems=\count408
\c@citecounter=\count409
\c@maxcitecounter=\count410
\c@savedcitecounter=\count411
\c@uniquelist=\count412
\c@uniquename=\count413
\c@refsection=\count414
\c@refsegment=\count415
\c@maxextratitle=\count416
\c@maxextratitleyear=\count417
\c@maxextraname=\count418
\c@maxextradate=\count419
\c@maxextraalpha=\count420
\c@abbrvpenalty=\count421
\c@highnamepenalty=\count422
\c@lownamepenalty=\count423
\c@maxparens=\count424
\c@parenlevel=\count425
\blx@tempcnta=\count426
\blx@tempcntb=\count427
\blx@tempcntc=\count428
\c@blx@maxsection=\count429
\c@blx@maxsegment@0=\count430
\blx@notetype=\count431
\blx@parenlevel@text=\count432
\blx@parenlevel@foot=\count433
\c@blx@sectionciteorder@0=\count434
\blx@entrysetcounter=\count435
\blx@biblioinstance=\count436
\labelnumberwidth=\skip199
\labelalphawidth=\skip256
\biblabelsep=\skip257
\bibnamesep=\skip258
\bibinitsep=\skip259
\bibparsep=\skip260
\bibhang=\skip261
\blx@bcfin=\read4
\blx@bcfout=\write5
\blx@langwohyphens=\language87
\c@mincomprange=\count437
\c@maxcomprange=\count438
\c@mincompwidth=\count439
Package biblatex Info: Trying to load biblatex default data model...
Package biblatex Info: ... file 'blx-dm.def' found.

(/usr/share/texmf-dist/tex/latex/biblatex/blx-dm.def
File: blx-dm.def 2022/02/02 v3.17 biblatex localization (PK/MW)
)
Package biblatex Info: Trying to load biblatex style data model...
Package biblatex Info: ... file 'alphabetic.dbx' not found.
Package biblatex Info: Trying to load biblatex custom data model...
Package biblatex Info: ... file 'biblatex-dm.cfg' not found.
\c@afterword=\count440
\c@savedafterword=\count441
\c@annotator=\count442
\c@savedannotator=\count443
\c@author=\count444
\c@savedauthor=\count445
\c@bookauthor=\count446
\c@savedbookauthor=\count447
\c@commentator=\count448
\c@savedcommentator=\count449
\c@editor=\count450
\c@savededitor=\count451
\c@editora=\count452
\c@savededitora=\count453
\c@editorb=\count454
\c@savededitorb=\count455
\c@editorc=\count456
\c@savededitorc=\count457
\c@foreword=\count458
\c@savedforeword=\count459
\c@holder=\count460
\c@savedholder=\count461
\c@introduction=\count462
\c@savedintroduction=\count463
\c@namea=\count464
\c@savednamea=\count465
\c@nameb=\count466
\c@savednameb=\count467
\c@namec=\count468
\c@savednamec=\count469
\c@translator=\count470
\c@savedtranslator=\count471
\c@shortauthor=\count472
\c@savedshortauthor=\count473
\c@shorteditor=\count474
\c@savedshorteditor=\count475
\c@labelname=\count476
\c@savedlabelname=\count477
\c@institution=\count478
\c@savedinstitution=\count479
\c@lista=\count480
\c@savedlista=\count481
\c@listb=\count482
\c@savedlistb=\count483
\c@listc=\count484
\c@savedlistc=\count485
\c@listd=\count486
\c@savedlistd=\count487
\c@liste=\count488
\c@savedliste=\count489
\c@listf=\count490
\c@savedlistf=\count491
\c@location=\count492
\c@savedlocation=\count493
\c@organization=\count494
\c@savedorganization=\count495
\c@origlocation=\count496
\c@savedoriglocation=\count497
\c@origpublisher=\count498
\c@savedorigpublisher=\count499
\c@publisher=\count500
\c@savedpublisher=\count501
\c@language=\count502
\c@savedlanguage=\count503
\c@origlanguage=\count504
\c@savedoriglanguage=\count505
\c@pageref=\count506
\c@savedpageref=\count507
\shorthandwidth=\skip262
\shortjournalwidth=\skip263
\shortserieswidth=\skip264
\shorttitlewidth=\skip265
\shortauthorwidth=\skip266
\shorteditorwidth=\skip267
\locallabelnumberwidth=\skip268
\locallabelalphawidth=\skip269
\localshorthandwidth=\skip270
\localshortjournalwidth=\skip271
\localshortserieswidth=\skip272
\localshorttitlewidth=\skip273
\localshortauthorwidth=\skip274
\localshorteditorwidth=\skip275
Package biblatex Info: Trying to load enhanced support for Unicode engines...
Package biblatex Info: ... file 'blx-unicode.def' found.

(/usr/share/texmf-dist/tex/latex/biblatex/blx-unicode.def)
Package biblatex Info: Trying to load compatibility code...
Package biblatex Info: ... file 'blx-compat.def' found.

(/usr/share/texmf-dist/tex/latex/biblatex/blx-compat.def
File: blx-compat.def 2022/02/02 v3.17 biblatex compatibility (PK/MW)
)
Package biblatex Info: Trying to load generic definitions...
Package biblatex Info: ... file 'biblatex.def' found.

(/usr/share/texmf-dist/tex/latex/biblatex/biblatex.def
File: biblatex.def 2022/02/02 v3.17 biblatex compatibility (PK/MW)
\c@textcitecount=\count508
\c@textcitetotal=\count509
\c@textcitemaxnames=\count510
\c@biburlbigbreakpenalty=\count511
\c@biburlbreakpenalty=\count512
\c@biburlnumpenalty=\count513
\c@biburlucpenalty=\count514
\c@biburllcpenalty=\count515
\biburlbigskip=\muskip18
\biburlnumskip=\muskip19
\biburlucskip=\muskip20
\biburllcskip=\muskip21
\c@smartand=\count516
)
Package biblatex Info: Trying to load bibliography style 'alphabetic'...
Package biblatex Info: ... file 'alphabetic.bbx' found.

(/usr/share/texmf-dist/tex/latex/biblatex/bbx/alphabetic.bbx
File: alphabetic.bbx 2022/02/02 v3.17 biblatex bibliography style (PK/MW)
Package biblatex Info: Trying to load bibliography style 'standard'...
Package biblatex Info: ... file 'standard.bbx' found.

(/usr/share/texmf-dist/tex/latex/biblatex/bbx/standard.bbx
File: standard.bbx 2022/02/02 v3.17 biblatex bibliography style (PK/MW)
\c@bbx:relatedcount=\count517
\c@bbx:relatedtotal=\count518
))
Package biblatex Info: Trying to load citation style 'alphabetic'...
Package biblatex Info: ... file 'alphabetic.cbx' found.

(/usr/share/texmf-dist/tex/latex/biblatex/cbx/alphabetic.cbx
File: alphabetic.cbx 2022/02/02 v3.17 biblatex citation style (PK/MW)
Package biblatex Info: Redefining '\cite'.
Package biblatex Info: Redefining '\parencite'.
Package biblatex Info: Redefining '\footcite'.
Package biblatex Info: Redefining '\footcitetext'.
Package biblatex Info: Redefining '\smartcite'.
Package biblatex Info: Redefining '\textcite'.
Package biblatex Info: Redefining '\textcites'.
Package biblatex Info: Redefining '\cites'.
Package biblatex Info: Redefining '\parencites'.
Package biblatex Info: Redefining '\smartcites'.
)
Package biblatex Info: Trying to load configuration file...
Package biblatex Info: ... file 'biblatex.cfg' found.

(/usr/share/texmf-dist/tex/latex/biblatex/biblatex.cfg
File: biblatex.cfg 
)
Package biblatex Info: XeTeX detected.
(biblatex)             Assuming input encoding 'utf8'.
Package biblatex Info: Document encoding is UTF8 ....
Package biblatex Info: ... and expl3
(biblatex)             2022-04-10 L3 programming layer (loader) 
(biblatex)             is new enough (at least 2020/04/06),
(biblatex)             setting 'casechanger=expl3'.

(/usr/share/texmf-dist/tex/latex/biblatex/blx-case-expl3.sty
Package: blx-case-expl3 2022/02/02 v3.17 expl3 case changing code for biblatex
))
(/usr/share/texmf-dist/tex/latex/base/flafter.sty
Package: flafter 2021/07/31 v1.4e Standard LaTeX floats after reference (FMi)
Applying: [2015/01/01] float order in 2-column on input line 49.
Already applied: [0000/00/00] float order in 2-column on input line 151.
)
(/usr/share/texmf-dist/tex/latex/cleveref/cleveref.sty
Package: cleveref 2018/03/27 v0.21.4 Intelligent cross-referencing
LaTeX Info: Redefining \Cref on input line 925.
Package cleveref Info: `hyperref' support loaded on input line 2370.
LaTeX Info: Redefining \cref on input line 2370.
LaTeX Info: Redefining \Cref on input line 2370.
LaTeX Info: Redefining \crefrange on input line 2370.
LaTeX Info: Redefining \Crefrange on input line 2370.
LaTeX Info: Redefining \cpageref on input line 2370.
LaTeX Info: Redefining \Cpageref on input line 2370.
LaTeX Info: Redefining \cpagerefrange on input line 2370.
LaTeX Info: Redefining \Cpagerefrange on input line 2370.
LaTeX Info: Redefining \labelcref on input line 2370.
LaTeX Info: Redefining \labelcpageref on input line 2370.
Package cleveref Info: `listings' support loaded on input line 3131.
Package cleveref Info: always capitalise cross-reference names on input line 78
25.
Package cleveref Info: include cross-reference names in hyperlinks on input lin
e 7836.
Package cleveref Info: no abbreviation of names on input line 7852.
Package cleveref Info: include cross-reference names in hyperlinks on input lin
e 7852.
Package cleveref Info: always capitalise cross-reference names on input line 78
52.
)
\c@subfigure=\count519
\cftbeforesubfigureskip=\skip276
\cftsubfigureindent=\skip277
\cftsubfigurenumwidth=\skip278
\c@subtable=\count520
\cftbeforesubtableskip=\skip279
\cftsubtableindent=\skip280
\cftsubtablenumwidth=\skip281

(/usr/share/texmf-dist/tex/latex/totcount/totcount.sty
Package: totcount 2011/01/25 v1.2 package for gettingthe total value of LaTeX c
ounters
)
(/usr/share/texmf-dist/tex/latex/todonotes/todonotes.sty
Package: todonotes 2021/06/04 v1.1.5 Todonotes source and documentation.
Package: todonotes 2021/06/04

(/usr/share/texmf-dist/tex/generic/pgf/frontendlayer/tikz/libraries/tikzlibrary
positioning.code.tex
File: tikzlibrarypositioning.code.tex 2021/05/15 v3.1.9a (3.1.9a)
)
\c@@todonotes@numberoftodonotes=\count521
)
\c@todocounter=\count522
\c@todocounter@totc=\count523

(/usr/share/texmf-dist/tex/generic/stringenc/se-ascii-print.def
File: se-ascii-print.def 2019/11/29 v1.12 stringenc: Printable ASCII characters

)
Package hyperref Info: Option `pdfdisplaydoctitle' set `true' on input line 241
.
Package hyperref Info: Option `bookmarksnumbered' set `true' on input line 241.

Package hyperref Info: Option `bookmarksopen' set `true' on input line 241.
Package hyperref Info: Option `breaklinks' set `true' on input line 241.
Package hyperref Info: Option `plainpages' set `false' on input line 241.
Package hyperref Info: Option `unicode' set `true' on input line 241.
Package hyperref Info: Option `colorlinks' set `false' on input line 241.
)
(./preamble/fonts.tex

Package fontspec Info: Font family 'texgyreadventor(0)' created for font
(fontspec)             'texgyreadventor' with options
(fontspec)             [Ligatures=TeX,Ligatures=TeX,Extension=.otf,UprightFont=
*-regular,BoldFont=*-bold,ItalicFont=*-italic,BoldItalicFont=*-bolditalic,Scale
=0.8].
(fontspec)              
(fontspec)              This font family consists of the following NFSS
(fontspec)             series/shapes:
(fontspec)              
(fontspec)             - 'normal' (m/n) with NFSS spec.:
(fontspec)             <->s*[0.8]"[texgyreadventor-regular.otf]/OT:script=latn;
language=dflt;mapping=tex-text;"
(fontspec)             - 'small caps'  (m/sc) with NFSS spec.:
(fontspec)             <->s*[0.8]"[texgyreadventor-regular.otf]/OT:script=latn;
language=dflt;+smcp;mapping=tex-text;"
(fontspec)             - 'bold' (b/n) with NFSS spec.:
(fontspec)             <->s*[0.8]"[texgyreadventor-bold.otf]/OT:script=latn;lan
guage=dflt;mapping=tex-text;"
(fontspec)             - 'bold small caps'  (b/sc) with NFSS spec.:
(fontspec)             <->s*[0.8]"[texgyreadventor-bold.otf]/OT:script=latn;lan
guage=dflt;+smcp;mapping=tex-text;"
(fontspec)             - 'italic' (m/it) with NFSS spec.:
(fontspec)             <->s*[0.8]"[texgyreadventor-italic.otf]/OT:script=latn;l
anguage=dflt;mapping=tex-text;"
(fontspec)             - 'italic small caps'  (m/scit) with NFSS spec.:
(fontspec)             <->s*[0.8]"[texgyreadventor-italic.otf]/OT:script=latn;l
anguage=dflt;+smcp;mapping=tex-text;"
(fontspec)             - 'bold italic' (b/it) with NFSS spec.:
(fontspec)             <->s*[0.8]"[texgyreadventor-bolditalic.otf]/OT:script=la
tn;language=dflt;mapping=tex-text;"
(fontspec)             - 'bold italic small caps'  (b/scit) with NFSS spec.:
(fontspec)             <->s*[0.8]"[texgyreadventor-bolditalic.otf]/OT:script=la
tn;language=dflt;+smcp;mapping=tex-text;"

) (./preamble/etc.tex
(/usr/share/texmf-dist/tex/latex/blindtext/blindtext.sty
Package: blindtext 2012/01/06 V2.0 blindtext-Package

(/usr/share/texmf-dist/tex/latex/tools/xspace.sty
Package: xspace 2014/10/28 v1.13 Space after command names (DPC,MH)
)
\c@blindtext=\count524
\c@Blindtext=\count525
\c@blind@countparstart=\count526
\blind@countxx=\count527
\blindtext@numBlindtext=\count528
\blind@countyy=\count529
\c@blindlist=\count530
\c@blindlistlevel=\count531
\c@blindlist@level=\count532
\blind@listitem=\count533
\c@blind@listcount=\count534
\c@blind@levelcount=\count535
\blind@mathformula=\count536
\blind@Mathformula=\count537
\c@blind@randomcount=\count538
\c@blind@randommax=\count539
\c@blind@pangramcount=\count540
\c@blind@pangrammax=\count541
)
(/usr/share/texmf-dist/tex/latex/algorithms/algorithm.sty
Invalid UTF-8 byte or sequence at line 11 replaced by U+FFFD.
Package: algorithm 2009/08/24 v0.1 Document Style `algorithm' - floating enviro
nment

(/usr/share/texmf-dist/tex/latex/float/float.sty
Package: float 2001/11/08 v1.3d Float enhancements (AL)
\c@float@type=\count542
\float@exts=\toks47
\float@box=\box74
\@float@everytoks=\toks48
\@floatcapt=\box75
)
\@float@every@algorithm=\toks49
\c@algorithm=\count543
)
(/usr/share/texmf-dist/tex/latex/algorithmicx/algpseudocode.sty
Package: algpseudocode 

(/usr/share/texmf-dist/tex/latex/algorithmicx/algorithmicx.sty
Package: algorithmicx 2005/04/27 v1.2 Algorithmicx

Document Style algorithmicx 1.2 - a greatly improved `algorithmic' style
\c@ALG@line=\count544
\c@ALG@rem=\count545
\c@ALG@nested=\count546
\ALG@tlm=\skip282
\ALG@thistlm=\skip283
\c@ALG@Lnr=\count547
\c@ALG@blocknr=\count548
\c@ALG@storecount=\count549
\c@ALG@tmpcounter=\count550
\ALG@tmplength=\skip284
)
Document Style - pseudocode environments for use with the `algorithmicx' style
) (/usr/share/texmf-dist/tex/latex/listings/lstlang1.sty
File: lstlang1.sty 2020/03/24 1.8d listings language file
)
(/usr/share/texmf-dist/tex/latex/pdflscape/pdflscape.sty
Package: pdflscape 2019/12/05 v0.12 Display of landscape pages in PDF (HO)

(/usr/share/texmf-dist/tex/latex/graphics/lscape.sty
Package: lscape 2020/05/28 v3.02 Landscape Pages (DPC)
)
Package pdflscape Info: Auto-detected driver: dvipdfm (xetex) on input line 98.

)
(/usr/share/texmf-dist/tex/latex/acronym/acronym.sty
Package: acronym 2020/04/17 v1.47 Support for acronyms (Tobias Oetiker)

(/usr/share/texmf-dist/tex/latex/bigfoot/suffix.sty
Package: suffix 2006/07/15 1.5a Variant command support
)
(/usr/share/texmf-dist/tex/generic/xstring/xstring.sty
(/usr/share/texmf-dist/tex/generic/xstring/xstring.tex
\integerpart=\count551
\decimalpart=\count552
)
Package: xstring 2021/07/21 v1.84 String manipulations (CT)
)
\AC@clearlist=\toks50
)
(/usr/share/texmf-dist/tex/latex/enumitem/enumitem.sty
Package: enumitem 2019/06/20 v3.9 Customized lists
\labelindent=\skip285
\enit@outerparindent=\dimen324
\enit@toks=\toks51
\enit@inbox=\box76
\enit@count@id=\count553
\enitdp@description=\count554
))
(/usr/share/texmf-dist/tex/latex/lipsum/lipsum.sty
Package: lipsum 2021-09-20 v2.7 150 paragraphs of Lorem Ipsum dummy text
\g__lipsum_par_int=\count555
\l__lipsum_a_int=\count556
\l__lipsum_b_int=\count557

(/usr/share/texmf-dist/tex/latex/lipsum/lipsum.ltd.tex))
Package csquotes Info: Checking for multilingual support...
Package csquotes Info: ... found 'polyglossia' package.
Package csquotes Info: Adjusting default style.
Package csquotes Info: Redefining alias 'default' -> 'american'.
 (./Report.aux
(./prefrontmatter/titlepage.aux)
LaTeX Info: Redefining \rmfamily on input line 23.
LaTeX Info: Redefining \sffamily on input line 23.
LaTeX Info: Redefining \ttfamily on input line 23.
 (./prefrontmatter/colophon.aux)
(./frontmatter/Summary.aux) (./frontmatter/Preface.aux)
(./frontmatter/Acknowledgements.aux) (./chapters/Introduction.aux)
(./chapters/ExampleChapter.aux) (./chapters/Analysis.aux)
(./chapters/Conclusion.aux) (./appendices/Appendix.aux)
(./appendices/Acronyms.aux))
\openout1 = `Report.aux'.

LaTeX Font Info:    Checking defaults for OML/cmm/m/it on input line 18.
LaTeX Font Info:    ... okay on input line 18.
LaTeX Font Info:    Checking defaults for OMS/cmsy/m/n on input line 18.
LaTeX Font Info:    ... okay on input line 18.
LaTeX Font Info:    Checking defaults for OT1/cmr/m/n on input line 18.
LaTeX Font Info:    ... okay on input line 18.
LaTeX Font Info:    Checking defaults for T1/cmr/m/n on input line 18.
LaTeX Font Info:    ... okay on input line 18.
LaTeX Font Info:    Checking defaults for TS1/cmr/m/n on input line 18.
LaTeX Font Info:    Trying to load font information for TS1+cmr on input line 1
8.
 (/usr/share/texmf-dist/tex/latex/base/ts1cmr.fd
File: ts1cmr.fd 2019/12/16 v2.5j Standard LaTeX font definitions
)
LaTeX Font Info:    ... okay on input line 18.
LaTeX Font Info:    Checking defaults for TU/lmr/m/n on input line 18.
LaTeX Font Info:    ... okay on input line 18.
LaTeX Font Info:    Checking defaults for OMX/cmex/m/n on input line 18.
LaTeX Font Info:    ... okay on input line 18.
LaTeX Font Info:    Checking defaults for U/cmr/m/n on input line 18.
LaTeX Font Info:    ... okay on input line 18.
LaTeX Font Info:    Checking defaults for PD1/pdf/m/n on input line 18.
LaTeX Font Info:    ... okay on input line 18.
LaTeX Font Info:    Checking defaults for PU/pdf/m/n on input line 18.
LaTeX Font Info:    ... okay on input line 18.
Package nag Info: pgf.sty is broken: disabling dollar check on input line 18.
Package nag Info: Command \RaggedLeft not defined, skipping amendment on input 
line 18.
Package nag Info: Command \RaggedRight not defined, skipping amendment on input
 line 18.
LaTeX Info: Redefining \microtypecontext on input line 18.
Package microtype Info: Applying patch `item' on input line 18.
Package microtype Info: Applying patch `toc' on input line 18.
Package microtype Info: Applying patch `eqnum' on input line 18.
Package microtype Info: Applying patch `footnote' on input line 18.
Package microtype Info: Character protrusion enabled (level 2).
Package microtype Info: Using default protrusion set `alltext'.
Package microtype Info: No adjustment of tracking.
Package microtype Info: No adjustment of spacing.
Package microtype Info: No adjustment of kerning.

(/usr/share/texmf-dist/tex/latex/microtype/mt-cmr.cfg
File: mt-cmr.cfg 2013/05/19 v2.2 microtype config. file: Computer Modern Roman 
(RS)
)
Package microtype Info: Loading generic protrusion settings for font family
(microtype)             `lmr' (encoding: TU).
(microtype)             For optimal results, create family-specific settings.
(microtype)             See the microtype manual for details.
\c@lstlisting=\count558
Package hyperref Info: Link coloring OFF on input line 18.

(/usr/share/texmf-dist/tex/latex/hyperref/nameref.sty
Package: nameref 2021-04-02 v2.47 Cross-referencing by name of section

(/usr/share/texmf-dist/tex/latex/refcount/refcount.sty
Package: refcount 2019/12/15 v3.6 Data extraction from label references (HO)
)
(/usr/share/texmf-dist/tex/generic/gettitlestring/gettitlestring.sty
Package: gettitlestring 2019/12/15 v1.6 Cleanup title references (HO)
)
\c@section@level=\count559
)
Redoing nameref's sectioning
Redoing nameref's label
LaTeX Info: Redefining \nameref on input line 18.
LaTeX Info: Redefining \ref on input line 18.
LaTeX Info: Redefining \pageref on input line 18.
LaTeX Info: Redefining \nameref on input line 18.
(./Report.out) (./Report.out)
\@outlinefile=\write6
\openout6 = `Report.out'.

The property list \__xpg_alias contains the pairs (without outer braces):
>  {latex/target}  =>  {latex}
>  {english/target}  =>  {english}
>  {en/target}  =>  {english}
>  {en/bcp47}  =>  {en}
>  {en/options}  =>  {bcp47=en}
>  {en-AU/target}  =>  {en}
>  {en-AU/variant}  =>  {australian}
>  {en-AU/bcp47}  =>  {en-AU}
>  {en-AU/babelname}  =>  {australian}
>  {en-AU/options}  =>  {variant=australian,babelname=autralian,bcp47=en-AU}
>  {en-CA/target}  =>  {en}
>  {en-CA/variant}  =>  {canadian}
>  {en-CA/bcp47}  =>  {en-CA}
>  {en-CA/babelname}  =>  {canadian}
>  {en-CA/options}  =>  {variant=canadian,babelname=canadian,bcp47=en-CA}
>  {en-GB/target}  =>  {en}
>  {en-GB/variant}  =>  {british}
>  {en-GB/bcp47}  =>  {en-NZ}
>  {en-GB/babelname}  =>  {british}
>  {en-GB/options}  =>  {variant=british,babelname=british,bcp47=en-NZ}
>  {en-NZ/target}  =>  {en}
>  {en-NZ/variant}  =>  {newzealand}
>  {en-NZ/bcp47}  =>  {en-NZ}
>  {en-NZ/babelname}  =>  {newzealand}
>  {en-NZ/options}  =>  {variant=newzealand,babelname=newzealand,bcp47=en-NZ}
>  {en-US/target}  =>  {en}
>  {en-US/variant}  =>  {us}
>  {en-US/bcp47}  =>  {en-US}
>  {en-US/babelname}  =>  {us}
>  {en-US/options}  =>  {variant=us,babelname=american,bcp47=en-US}
>  {american/target}  =>  {en-US}
>  {american/variant}  =>  {us}
>  {american/options}  =>  {variant=us}
>  {australian/target}  =>  {en-AU}
>  {australian/variant}  =>  {australian}
>  {australian/options}  =>  {variant=australian}
>  {british/target}  =>  {en-GB}
>  {british/variant}  =>  {british}
>  {british/options}  =>  {variant=british}
>  {canadian/target}  =>  {en-CA}
>  {canadian/variant}  =>  {canadian}
>  {canadian/options}  =>  {variant=canadian}
>  {newzealand/target}  =>  {en-NZ}
>  {newzealand/variant}  =>  {newzealand}
>  {newzealand/options}  =>  {variant=newzealand}.
Package biblatex Info: Trying to load language 'american'...
Package biblatex Info: ... file 'american.lbx' found.

(/usr/share/texmf-dist/tex/latex/biblatex/lbx/american.lbx
File: american.lbx 2022/02/02 v3.17 biblatex localization (PK/MW)
Package biblatex Info: Trying to load language 'english'...
Package biblatex Info: ... file 'english.lbx' found.

(/usr/share/texmf-dist/tex/latex/biblatex/lbx/english.lbx
File: english.lbx 2022/02/02 v3.17 biblatex localization (PK/MW)
)
Package biblatex Info: Trying to load language 'english'...
Package biblatex Info: ... file 'english.lbx' found.

(/usr/share/texmf-dist/tex/latex/biblatex/lbx/english.lbx
File: english.lbx 2022/02/02 v3.17 biblatex localization (PK/MW)
))
Package biblatex Info: XeTeX detected.
(biblatex)             Assuming input encoding 'utf8'.
Package biblatex Info: Automatic encoding selection.
(biblatex)             Assuming data encoding 'utf8'.
\openout5 = `Report.bcf'.

Package biblatex Info: Trying to load bibliographic data...
Package biblatex Info: ... file 'Report.bbl' found.
 (./Report.bbl)
Package biblatex Info: Reference section=0 on input line 18.
Package biblatex Info: Reference segment=0 on input line 18.


Package todonotes Warning: The length marginparwidth is less than 2cm and will 
most likely cause issues with the appearance of inserted todonotes. The issue c
an be solved by adding a line like \setlength {\marginparwidth }{2cm} prior to 
loading the todonotes package. on input line 18.

Package nag Info: Command \caption@xlabel not defined, skipping amendment on in
put line 18.
Package nag Info: Command \captionabove not defined, skipping amendment on inpu
t line 18.
Package nag Info: Command \captionbelow not defined, skipping amendment on inpu
t line 18.
Package nag Info: Command \hc@caption not defined, skipping amendment on input 
line 18.
Package nag Info: Command \topcaption not defined, skipping amendment on input 
line 18.
LaTeX Info: Redefining \rmfamily on input line 18.
LaTeX Info: Redefining \sffamily on input line 18.
LaTeX Info: Redefining \ttfamily on input line 18.
\openout2 = `prefrontmatter/titlepage.aux'.

(./prefrontmatter/titlepage.tex
LaTeX Font Info:    Font shape `TU/texgyreadventor(0)/m/n' will be
(Font)              scaled to size 8.00003pt on input line 6.
Package microtype Info: Loading generic protrusion settings for font family
(microtype)             `texgyreadventor' (encoding: TU).
(microtype)             For optimal results, create family-specific settings.
(microtype)             See the microtype manual for details.
LaTeX Font Info:    Font shape `TU/texgyreadventor(0)/m/n' will be
(Font)              scaled to size 19.90407pt on input line 14.
LaTeX Font Info:    Font shape `TU/texgyreadventor(0)/m/n' will be
(Font)              scaled to size 16.59206pt on input line 15.
LaTeX Font Info:    Font shape `TU/texgyreadventor(0)/m/n' will be
(Font)              scaled to size 11.52003pt on input line 21.
LaTeX Font Info:    Font shape `TU/texgyreadventor(0)/m/n' will be
(Font)              scaled to size 9.60004pt on input line 21.
File: graphics//CACHET-logo.pdf Graphic file (type pdf)
<use graphics//CACHET-logo.pdf>

Overfull \hbox (18.70003pt too wide) in paragraph at lines 12--23
[]  [] 
 []

) [1


]
\openout2 = `prefrontmatter/colophon.aux'.

 (./prefrontmatter/colophon.tex
LaTeX Font Info:    Font shape `TU/texgyreadventor(0)/b/n' will be
(Font)              scaled to size 9.60004pt on input line 9.

Underfull \hbox (badness 10000) in paragraph at lines 8--12

 []

LaTeX Font Info:    Font shape `TU/texgyreadventor(0)/m/n' will be
(Font)              scaled to size 7.20003pt on input line 13.
LaTeX Font Info:    Font shape `TU/texgyreadventor(0)/b/n' will be
(Font)              scaled to size 7.20003pt on input line 15.
)
Underfull \hbox (badness 10000) in paragraph at lines 14--23

 []

[2




]
\openout2 = `frontmatter/Summary.aux'.

 (./frontmatter/Summary.tex
LaTeX Font Info:    Font shape `TU/texgyreadventor(0)/m/n' will be
(Font)              scaled to size 43.20016pt on input line 2.
LaTeX Font Info:    Font shape `TU/texgyreadventor(0)/m/n' will be
(Font)              scaled to size 33.60013pt on input line 2.
Package acronym Info: Label `acro:CACHET' newly defined as it shall be overridd
en
although it is yet undefined on input line 3.
LaTeX Font Info:    Trying to load font information for OT1+lmr on input line 3
.
 (/usr/share/texmf-dist/tex/latex/lm/ot1lmr.fd
File: ot1lmr.fd 2015/05/01 v1.6.1 Font defs for Latin Modern
)
LaTeX Font Info:    Trying to load font information for OML+lmm on input line 3
.

(/usr/share/texmf-dist/tex/latex/lm/omllmm.fd
File: omllmm.fd 2015/05/01 v1.6.1 Font defs for Latin Modern
)
LaTeX Font Info:    Trying to load font information for OMS+lmsy on input line 
3.

(/usr/share/texmf-dist/tex/latex/lm/omslmsy.fd
File: omslmsy.fd 2015/05/01 v1.6.1 Font defs for Latin Modern
)
LaTeX Font Info:    Trying to load font information for OMX+lmex on input line 
3.

(/usr/share/texmf-dist/tex/latex/lm/omxlmex.fd
File: omxlmex.fd 2015/05/01 v1.6.1 Font defs for Latin Modern
)
LaTeX Font Info:    External font `lmex10' loaded for size
(Font)              <10> on input line 3.
LaTeX Font Info:    External font `lmex10' loaded for size
(Font)              <7> on input line 3.
LaTeX Font Info:    External font `lmex10' loaded for size
(Font)              <5> on input line 3.
LaTeX Font Info:    External font `lmex10' loaded for size
(Font)              <8> on input line 3.
LaTeX Font Info:    External font `lmex10' loaded for size
(Font)              <6> on input line 3.
Package microtype Info: Loading generic protrusion settings for font family
(microtype)             `lmtt' (encoding: TU).
(microtype)             For optimal results, create family-specific settings.
(microtype)             See the microtype manual for details.
) [1






]
\openout2 = `frontmatter/Preface.aux'.

 (./frontmatter/Preface.tex [2




]) [3]
\openout2 = `frontmatter/Acknowledgements.aux'.

 (./frontmatter/Acknowledgements.tex [4




]) [5] [6



] (./Report.toc
LaTeX Info: Redefining \rmfamily on input line 1.
LaTeX Info: Redefining \sffamily on input line 1.
LaTeX Info: Redefining \ttfamily on input line 1.
LaTeX Font Info:    Font shape `TU/texgyreadventor(0)/b/n' will be
(Font)              scaled to size 8.00003pt on input line 2.
Package acronym Info: Label `acro:SUS' newly defined as it shall be overridden
although it is yet undefined on input line 30.
)
[7] [8

] (./Report.lof
LaTeX Info: Redefining \rmfamily on input line 1.
LaTeX Info: Redefining \sffamily on input line 1.
LaTeX Info: Redefining \ttfamily on input line 1.
) [9] [10

] (./Report.tdo) [11

] [12

]
\openout2 = `chapters/Introduction.aux'.


(./chapters/Introduction.tex) [1


] [2



]
LaTeX Font Info:    Font shape `TU/texgyreadventor(0)/m/n' will be
(Font)              scaled to size 13.82405pt on input line 39.
 [3] [4] [5] [6]
\openout2 = `chapters/ExampleChapter.aux'.


(./chapters/ExampleChapter.tex
Missing character: There is no  (U+03C0) in font [lmroman10-regular]:mapping=t
ex-text;!
Missing character: There is no  (U+03C0) in font [lmroman10-regular]:mapping=t
ex-text;!
Missing character: There is no  (U+2206) in font [lmroman10-regular]:mapping=t
ex-text;!
Missing character: There is no  (U+2202) in font [lmroman10-regular]:mapping=t
ex-text;!
Missing character: There is no  (U+222B) in font [lmroman10-regular]:mapping=t
ex-text;!
Missing character: There is no  (U+2260) in font [lmroman10-regular]:mapping=t
ex-text;!
LaTeX Font Info:    Trying to load font information for OT1+lmtt on input line 
20.
(/usr/share/texmf-dist/tex/latex/lm/ot1lmtt.fd
File: ot1lmtt.fd 2015/05/01 v1.6.1 Font defs for Latin Modern
)
Package microtype Info: Loading generic protrusion settings for font family
(microtype)             `lmtt' (encoding: OT1).
(microtype)             For optimal results, create family-specific settings.
(microtype)             See the microtype manual for details.

Missing character: There is no  ("22C5) in font rm-lmr10!
Missing character: There is no  ("2297) in font rm-lmr10!
Package hyperref Info: bookmark level for unknown todo defaults to 0 on input l
ine 23.

Overfull \hbox (18.20753pt too wide) in paragraph at lines 23--23
[][][]\TU/lmr/m/n/10 3.0 (1) Make 
 []


Overfull \hbox (18.20753pt too wide) in paragraph at lines 23--23
[][][]\TU/lmr/m/n/10 3.0 (1) Make 
 []


LaTeX Warning: Citation 'adams1980hitchhiker' on page 7 undefined on input line
 23.


Overfull \hbox (7.23753pt too wide) in paragraph at lines 25--25
[][][]\TU/lmr/m/n/10 3.0 (2) Do 
 []


Overfull \hbox (7.23753pt too wide) in paragraph at lines 25--25
[][][]\TU/lmr/m/n/10 3.0 (2) Do 
 []


LaTeX Warning: Citation 'adams1980hitchhiker' on page 7 undefined on input line
 25.


Overfull \hbox (11.04683pt too wide) in paragraph at lines 28--28
[][]\TU/lmr/m/n/10 3.0 (3) This 
 []


Overfull \hbox (0.58401pt too wide) in paragraph at lines 25--32
\TU/lmr/m/n/10 neque. Etiam lacus dui, malesuada ac eleifend imperdiet, imperdi
et ut ipsum[][][]. Vestibu-
 []


Overfull \hbox (6.06001pt too wide) in paragraph at lines 25--32
\TU/lmr/m/n/10 sem non sapien malesuada malesuada ullamcorper orci luctus [[]].

 []

[7


]
Overfull \hbox (2.14203pt too wide) in paragraph at lines 46--47
\TU/lmr/m/n/10 Curabitur condimentum suscipit arcu, sit amet convallis urna pel
lentesque ac. Quisque
 []

[8]
Overfull \hbox (11.04683pt too wide) in paragraph at lines 53--53
[][]\TU/lmr/m/n/10 3.1 (4) This 
 []


Overfull \hbox (11.04683pt too wide) in paragraph at lines 58--58
[][]\TU/lmr/m/n/10 3.1 (5) This 
 []

Package hyperref Info: bookmark level for unknown lstlisting defaults to 0 on i
nput line 67.
LaTeX Font Info:    Font shape `TU/texgyreadventor(0)/m/n' will be
(Font)              scaled to size 6.40002pt on input line 68.
LaTeX Font Info:    Font shape `TU/texgyreadventor(0)/m/n' will be
(Font)              scaled to size 4.80002pt on input line 68.
LaTeX Font Info:    Font shape `TU/lmtt/bx/n' in size <8> not available
(Font)              Font shape `TU/lmtt/b/n' tried instead on input line 69.
Missing character: There is no  (U+03C0) in font [lmmono8-regular]:!
Package hyperref Info: bookmark level for unknown algorithm defaults to 0 on in
put line 89.

Overfull \hbox (11.04683pt too wide) in paragraph at lines 117--117
[][]\TU/lmr/m/n/10 3.2 (6) This 
 []

[9]
Underfull \vbox (badness 10000) has occurred while \output is active []

 [10]
[11]
Missing character: There is no  (U+03C0) in font [lmmono8-regular]:!
) [12]
\openout2 = `chapters/Analysis.aux'.

 (./chapters/Analysis.tex
Package acronym Info: Label `acro:CUMACF' newly defined as it shall be overridd
en
although it is yet undefined on input line 5.
File: ./images/adherence_R_plot.pdf Graphic file (type pdf)
<use ./images/adherence_R_plot.pdf>
File: ./images/adherence_total_R_plot.pdf Graphic file (type pdf)
<use ./images/adherence_total_R_plot.pdf>


LaTeX Warning: Citation 'rogers2003diffusion' on page 13 undefined on input lin
e 65.

[13




]
Underfull \vbox (badness 5161) has occurred while \output is active []

 [14]

LaTeX Warning: Citation 'robbins2011plotting' on page 15 undefined on input lin
e 76.


Overfull \hbox (6.3646pt too wide) in paragraph at lines 85--114
 [][] 
 []


LaTeX Warning: Citation 'robbins2011plotting' on page 15 undefined on input lin
e 116.


LaTeX Warning: Citation 'heiberger2014design' on page 15 undefined on input lin
e 117.

[15]
File: ./images/survey_R_plot.pdf Graphic file (type pdf)
<use ./images/survey_R_plot.pdf>
) [16]
\openout2 = `chapters/Conclusion.aux'.

 (./chapters/Conclusion.tex) [17




]
\openout2 = `appendices/Appendix.aux'.

 (./appendices/Appendix.tex [18




]

LaTeX Warning: Citation 'brooke1996sus' on page 19 undefined on input line 7.

File: ./images/SUS.pdf Graphic file (type pdf)
<use ./images/SUS.pdf>

LaTeX Warning: `h' float specifier changed to `ht'.

[19] [20] (/usr/share/texmf-dist/tex/latex/listings/lstlang1.sty
File: lstlang1.sty 2020/03/24 1.8d listings language file
)
(/usr/share/texmf-dist/tex/latex/listings/lstlang2.sty
File: lstlang2.sty 2020/03/24 1.8d listings language file
)
(/usr/share/texmf-dist/tex/latex/listings/lstlang3.sty
File: lstlang3.sty 2020/03/24 1.8d listings language file
) [21

]
Underfull \vbox (badness 10000) has occurred while \output is active []

 [22]

LaTeX Warning: Citation 'heiberger2014design' on page 23 undefined on input lin
e 124.


Overfull \hbox (7.83002pt too wide) in paragraph at lines 124--125
\TU/lmr/m/n/10 visualization was originally proposed by Heiberger & Robbins [[]
]).
 []

[23]) [24]
\openout2 = `appendices/Acronyms.aux'.

 (./appendices/Acronyms.tex

LaTeX Warning: Hyper reference `acro:EBM' on page 25 undefined on input line 21
.


LaTeX Warning: Hyper reference `acro:EBM' on page 25 undefined on input line 21
.


LaTeX Warning: Hyper reference `acro:RCT' on page 25 undefined on input line 22
.


LaTeX Warning: Hyper reference `acro:RCT' on page 25 undefined on input line 22
.


LaTeX Warning: Hyper reference `acro:JMIR' on page 25 undefined on input line 2
3.


LaTeX Warning: Hyper reference `acro:JMIR' on page 25 undefined on input line 2
3.


LaTeX Warning: Hyper reference `acro:HCI' on page 25 undefined on input line 24
.


LaTeX Warning: Hyper reference `acro:HCI' on page 25 undefined on input line 24
.


LaTeX Warning: Hyper reference `acro:UTAUT' on page 25 undefined on input line 
26.


LaTeX Warning: Hyper reference `acro:UTAUT' on page 25 undefined on input line 
26.


LaTeX Warning: Hyper reference `acro:PSSUQ' on page 25 undefined on input line 
27.


LaTeX Warning: Hyper reference `acro:PSSUQ' on page 25 undefined on input line 
27.


LaTeX Warning: Hyper reference `acro:BCW' on page 25 undefined on input line 28
.


LaTeX Warning: Hyper reference `acro:BCW' on page 25 undefined on input line 28
.


LaTeX Warning: Hyper reference `acro:TAM' on page 25 undefined on input line 30
.


LaTeX Warning: Hyper reference `acro:TAM' on page 25 undefined on input line 30
.


LaTeX Warning: Hyper reference `acro:SCAN' on page 25 undefined on input line 3
1.


LaTeX Warning: Hyper reference `acro:SCAN' on page 25 undefined on input line 3
1.


LaTeX Warning: Hyper reference `acro:PHQ' on page 25 undefined on input line 32
.


LaTeX Warning: Hyper reference `acro:PHQ' on page 25 undefined on input line 32
.


LaTeX Warning: Hyper reference `acro:HRV' on page 25 undefined on input line 33
.


LaTeX Warning: Hyper reference `acro:HRV' on page 25 undefined on input line 33
.

) [25




] [26



]

LaTeX Warning: Empty bibliography on input line 49.

[27

]
The property list \polyglossia@langsetup contains the pairs (without outer
braces):
>  {latex/script}  =>  {latin}
>  {latex/lcscript}  =>  {latin}
>  {latex/scripttag}  =>  {}
>  {latex/language}  =>  {Latex}
>  {latex/langtag}  =>  {ENG}
>  {latex/bcp47}  =>  {}
>  {latex/hyphennames}  =>  {english}
>  {latex/direction}  =>  {LR}
>  {latex/hyphenmins}  =>  {2,3}
>  {latex/frenchspacing}  =>  {false}
>  {latex/indentfirst}  =>  {false}
>  {latex/fontsetup}  =>  {true}
>  {latex/envname}  =>  {latex}
>  {latex/babelname}  =>  {latex}
>  {latex/localnumeral}  =>  {polyglossia@C@localnumeral}
>  {latex/Localnumeral}  =>  {polyglossia@C@localnumeral}
>  {latex/DefineCommandsCmd}  =>  {use_none:n}
>  {english/script}  =>  {latin}
>  {english/lcscript}  =>  {latin}
>  {english/scripttag}  =>  {}
>  {english/language}  =>  {English}
>  {english/langtag}  =>  {ENG}
>  {english/bcp47}  =>  {en-US}
>  {english/hyphennames}  =>  {english,american,usenglish,USenglish}
>  {english/direction}  =>  {LR}
>  {english/hyphenmins}  =>  {2,3}
>  {english/frenchspacing}  =>  {false}
>  {english/indentfirst}  =>  {false}
>  {english/fontsetup}  =>  {true}
>  {english/envname}  =>  {english}
>  {english/babelname}  =>  {american}
>  {english/localnumeral}  =>  {polyglossia@C@localnumeral}
>  {english/Localnumeral}  =>  {polyglossia@C@localnumeral}
>  {english/DefineCommandsCmd}  =>  {xpg_define_language_commands:e}.
The property list \__xpg_alias contains the pairs (without outer braces):
>  {latex/target}  =>  {latex}
>  {english/target}  =>  {english}
>  {en/target}  =>  {english}
>  {en/bcp47}  =>  {en}
>  {en/options}  =>  {bcp47=en}
>  {en-AU/target}  =>  {en}
>  {en-AU/variant}  =>  {australian}
>  {en-AU/bcp47}  =>  {en-AU}
>  {en-AU/babelname}  =>  {australian}
>  {en-AU/options}  =>  {variant=australian,babelname=autralian,bcp47=en-AU}
>  {en-CA/target}  =>  {en}
>  {en-CA/variant}  =>  {canadian}
>  {en-CA/bcp47}  =>  {en-CA}
>  {en-CA/babelname}  =>  {canadian}
>  {en-CA/options}  =>  {variant=canadian,babelname=canadian,bcp47=en-CA}
>  {en-GB/target}  =>  {en}
>  {en-GB/variant}  =>  {british}
>  {en-GB/bcp47}  =>  {en-NZ}
>  {en-GB/babelname}  =>  {british}
>  {en-GB/options}  =>  {variant=british,babelname=british,bcp47=en-NZ}
>  {en-NZ/target}  =>  {en}
>  {en-NZ/variant}  =>  {newzealand}
>  {en-NZ/bcp47}  =>  {en-NZ}
>  {en-NZ/babelname}  =>  {newzealand}
>  {en-NZ/options}  =>  {variant=newzealand,babelname=newzealand,bcp47=en-NZ}
>  {en-US/target}  =>  {en}
>  {en-US/variant}  =>  {us}
>  {en-US/bcp47}  =>  {en-US}
>  {en-US/babelname}  =>  {us}
>  {en-US/options}  =>  {variant=us,babelname=american,bcp47=en-US}
>  {american/target}  =>  {en-US}
>  {american/variant}  =>  {us}
>  {american/options}  =>  {variant=us}
>  {australian/target}  =>  {en-AU}
>  {australian/variant}  =>  {australian}
>  {australian/options}  =>  {variant=australian}
>  {british/target}  =>  {en-GB}
>  {british/variant}  =>  {british}
>  {british/options}  =>  {variant=british}
>  {canadian/target}  =>  {en-CA}
>  {canadian/variant}  =>  {canadian}
>  {canadian/options}  =>  {variant=canadian}
>  {newzealand/target}  =>  {en-NZ}
>  {newzealand/variant}  =>  {newzealand}
>  {newzealand/options}  =>  {variant=newzealand}.

No complaints by nag.
File: graphics//DTU-frise-SH-15.png Graphic file (type bmp)
<graphics//DTU-frise-SH-15.png>
[28

]
\tf@toc=\write7
\openout7 = `Report.toc'.

\tf@lof=\write8
\openout8 = `Report.lof'.

\tf@tdo=\write9
\openout9 = `Report.tdo'.

 (./Report.aux (./prefrontmatter/titlepage.aux)
LaTeX Info: Redefining \rmfamily on input line 23.
LaTeX Info: Redefining \sffamily on input line 23.
LaTeX Info: Redefining \ttfamily on input line 23.

(./prefrontmatter/colophon.aux) (./frontmatter/Summary.aux)
(./frontmatter/Preface.aux) (./frontmatter/Acknowledgements.aux)
(./chapters/Introduction.aux) (./chapters/ExampleChapter.aux)
(./chapters/Analysis.aux) (./chapters/Conclusion.aux)
(./appendices/Appendix.aux) (./appendices/Acronyms.aux))

LaTeX Warning: There were undefined references.

Package rerunfilecheck Info: File `Report.out' has not changed.
(rerunfilecheck)             Checksum: 7EE1D9B711B0419445859C5F0B6E17F0;1571.

Package biblatex Warning: Please (re)run Biber on the file:
(biblatex)                Report
(biblatex)                and rerun LaTeX afterwards.

Package logreq Info: Writing requests to 'Report.run.xml'.
\openout1 = `Report.run.xml'.

 ) 
Here is how much of TeX's memory you used:
 45271 strings out of 476156
 890855 string characters out of 5814963
 2407316 words of memory out of 5000000
 65244 multiletter control sequences out of 15000+600000
 534474 words of font info for 101 fonts, out of 8000000 for 9000
 1348 hyphenation exceptions out of 8191
 105i,13n,107p,1151b,4125s stack positions out of 5000i,500n,10000p,200000b,80000s

Output written on Report.pdf (42 pages).
